Using pre-set license
Built from '2021.3/staging' branch; Version is '2021.3.2f1 (d6360bedb9a0) revision 14038539'; Using compiler version '192829333'; Build Type 'Release'
OS: 'Windows 11  (10.0.22000) 64bit Core' Language: 'en' Physical Memory: 16295 MB
BatchMode: 1, IsHumanControllingUs: 0, StartBugReporterOnCrash: 0, Is64bit: 1, IsPro: 1

COMMAND LINE ARGUMENTS:
C:\Program Files\Unity\Hub\Editor\2021.3.2f1\Editor\Unity.exe
-adb2
-batchMode
-noUpm
-name
AssetImportWorker3
-projectPath
C:/Users/Blackfang81/My project
-logFile
Logs/AssetImportWorker3.log
-srvPort
64876
Successfully changed project path to: C:/Users/Blackfang81/My project
C:/Users/Blackfang81/My project
[UnityMemory] Configuration Parameters - Can be set up in boot.config
    "memorysetup-bucket-allocator-granularity=16"
    "memorysetup-bucket-allocator-bucket-count=8"
    "memorysetup-bucket-allocator-block-size=33554432"
    "memorysetup-bucket-allocator-block-count=8"
    "memorysetup-main-allocator-block-size=16777216"
    "memorysetup-thread-allocator-block-size=16777216"
    "memorysetup-gfx-main-allocator-block-size=16777216"
    "memorysetup-gfx-thread-allocator-block-size=16777216"
    "memorysetup-cache-allocator-block-size=4194304"
    "memorysetup-typetree-allocator-block-size=2097152"
    "memorysetup-profiler-bucket-allocator-granularity=16"
    "memorysetup-profiler-bucket-allocator-bucket-count=8"
    "memorysetup-profiler-bucket-allocator-block-size=33554432"
    "memorysetup-profiler-bucket-allocator-block-count=8"
    "memorysetup-profiler-allocator-block-size=16777216"
    "memorysetup-profiler-editor-allocator-block-size=1048576"
    "memorysetup-temp-allocator-size-main=16777216"
    "memorysetup-job-temp-allocator-block-size=2097152"
    "memorysetup-job-temp-allocator-block-size-background=1048576"
    "memorysetup-job-temp-allocator-reduction-small-platforms=262144"
    "memorysetup-temp-allocator-size-background-worker=32768"
    "memorysetup-temp-allocator-size-job-worker=262144"
    "memorysetup-temp-allocator-size-preload-manager=33554432"
    "memorysetup-temp-allocator-size-nav-mesh-worker=65536"
    "memorysetup-temp-allocator-size-audio-worker=65536"
    "memorysetup-temp-allocator-size-cloud-worker=32768"
    "memorysetup-temp-allocator-size-gi-baking-worker=262144"
    "memorysetup-temp-allocator-size-gfx=262144"
Refreshing native plugins compatible for Editor in 85.13 ms, found 3 plugins.
Preloading 0 native plugins for Editor in 0.00 ms.
Initialize engine version: 2021.3.2f1 (d6360bedb9a0)
[Subsystems] Discovering subsystems at path C:/Program Files/Unity/Hub/Editor/2021.3.2f1/Editor/Data/Resources/UnitySubsystems
[Subsystems] Discovering subsystems at path C:/Users/Blackfang81/My project/Assets
GfxDevice: creating device client; threaded=0; jobified=0
Direct3D:
    Version:  Direct3D 11.0 [level 11.1]
    Renderer: NVIDIA GeForce GTX 1070 (ID=0x1be1)
    Vendor:   NVIDIA
    VRAM:     8082 MB
    Driver:   30.0.14.7141
Initialize mono
Mono path[0] = 'C:/Program Files/Unity/Hub/Editor/2021.3.2f1/Editor/Data/Managed'
Mono path[1] = 'C:/Program Files/Unity/Hub/Editor/2021.3.2f1/Editor/Data/MonoBleedingEdge/lib/mono/unityjit-win32'
Mono config path = 'C:/Program Files/Unity/Hub/Editor/2021.3.2f1/Editor/Data/MonoBleedingEdge/etc'
Using monoOptions --debugger-agent=transport=dt_socket,embedding=1,server=y,suspend=n,address=127.0.0.1:56692
Begin MonoManager ReloadAssembly
Registering precompiled unity dll's ...
Register platform support module: C:/Program Files/Unity/Hub/Editor/2021.3.2f1/Editor/Data/PlaybackEngines/WebGLSupport/UnityEditor.WebGL.Extensions.dll
Register platform support module: C:/Program Files/Unity/Hub/Editor/2021.3.2f1/Editor/Data/PlaybackEngines/WindowsStandaloneSupport/UnityEditor.WindowsStandalone.Extensions.dll
Registered in 0.005130 seconds.
Native extension for WindowsStandalone target not found
Native extension for WebGL target not found
Refreshing native plugins compatible for Editor in 82.08 ms, found 3 plugins.
Preloading 0 native plugins for Editor in 0.00 ms.
Mono: successfully reloaded assembly
- Completed reload, in  0.628 seconds
Domain Reload Profiling:
	ReloadAssembly (629ms)
		BeginReloadAssembly (68ms)
			ExecutionOrderSort (0ms)
			DisableScriptedObjects (0ms)
			BackupInstance (0ms)
			ReleaseScriptingObjects (0ms)
			CreateAndSetChildDomain (1ms)
		EndReloadAssembly (454ms)
			LoadAssemblies (66ms)
			RebuildTransferFunctionScriptingTraits (0ms)
			SetupTypeCache (102ms)
			ReleaseScriptCaches (0ms)
			RebuildScriptCaches (27ms)
			SetupLoadedEditorAssemblies (277ms)
				LogAssemblyErrors (0ms)
				InitializePlatformSupportModulesInManaged (8ms)
				SetLoadedEditorAssemblies (0ms)
				RefreshPlugins (82ms)
				BeforeProcessingInitializeOnLoad (1ms)
				ProcessInitializeOnLoadAttributes (138ms)
				ProcessInitializeOnLoadMethodAttributes (47ms)
				AfterProcessingInitializeOnLoad (0ms)
				EditorAssembliesLoaded (0ms)
			ExecutionOrderSort2 (0ms)
			AwakeInstancesAfterBackupRestoration (0ms)
Platform modules already initialized, skipping
Registering precompiled user dll's ...
Registered in 0.004926 seconds.
Begin MonoManager ReloadAssembly
Symbol file LoadedFromMemory doesn't match image C:\Users\Blackfang81\My project\Library\PackageCache\com.unity.visualscripting@1.7.6\Editor\VisualScripting.Core\Dependencies\YamlDotNet\Unity.VisualScripting.YamlDotNet.dll
Symbol file LoadedFromMemory doesn't match image C:\Users\Blackfang81\My project\Library\PackageCache\com.unity.visualscripting@1.7.6\Editor\VisualScripting.Core\Dependencies\DotNetZip\Unity.VisualScripting.IonicZip.dll
Native extension for WindowsStandalone target not found
Native extension for WebGL target not found
Refreshing native plugins compatible for Editor in 0.53 ms, found 3 plugins.
Preloading 0 native plugins for Editor in 0.00 ms.
Mono: successfully reloaded assembly
- Completed reload, in  1.114 seconds
Domain Reload Profiling:
	ReloadAssembly (1115ms)
		BeginReloadAssembly (152ms)
			ExecutionOrderSort (0ms)
			DisableScriptedObjects (8ms)
			BackupInstance (0ms)
			ReleaseScriptingObjects (0ms)
			CreateAndSetChildDomain (28ms)
		EndReloadAssembly (809ms)
			LoadAssemblies (100ms)
			RebuildTransferFunctionScriptingTraits (0ms)
			SetupTypeCache (286ms)
			ReleaseScriptCaches (1ms)
			RebuildScriptCaches (49ms)
			SetupLoadedEditorAssemblies (359ms)
				LogAssemblyErrors (0ms)
				InitializePlatformSupportModulesInManaged (6ms)
				SetLoadedEditorAssemblies (0ms)
				RefreshPlugins (1ms)
				BeforeProcessingInitializeOnLoad (84ms)
				ProcessInitializeOnLoadAttributes (235ms)
				ProcessInitializeOnLoadMethodAttributes (28ms)
				AfterProcessingInitializeOnLoad (5ms)
				EditorAssembliesLoaded (0ms)
			ExecutionOrderSort2 (0ms)
			AwakeInstancesAfterBackupRestoration (6ms)
Platform modules already initialized, skipping
========================================================================
Worker process is ready to serve import requests
Launched and connected shader compiler UnityShaderCompiler.exe after 0.06 seconds
Refreshing native plugins compatible for Editor in 0.54 ms, found 3 plugins.
Preloading 0 native plugins for Editor in 0.00 ms.
Unloading 3364 Unused Serialized files (Serialized files now loaded: 0)
Unloading 26 unused Assets / (113.0 KB). Loaded Objects now: 3839.
Memory consumption went from 128.5 MB to 128.4 MB.
Total: 3.826300 ms (FindLiveObjects: 0.365600 ms CreateObjectMapping: 0.191700 ms MarkObjects: 3.149000 ms  DeleteObjects: 0.118700 ms)

AssetImportParameters requested are different than current active one (requested -> active):
  custom:video-decoder-ogg-theora: a1e56fd34408186e4bbccfd4996cb3dc -> 
  custom:container-muxer-webm: aa71ff27fc2769a1b78a27578f13a17b -> 
  custom:container-demuxer-webm: 4f35f7cbe854078d1ac9338744f61a02 -> 
  custom:video-encoder-webm-vp8: eb34c28f22e8b96e1ab97ce403110664 -> 
  custom:audio-encoder-webm-vorbis: bf7c407c2cedff20999df2af8eb42d56 -> 
  custom:framework-win-MediaFoundation: 216162199b28c13a410421893ffa2e32 -> 
  custom:container-demuxer-ogg: 62fdf1f143b41e24485cea50d1cbac27 -> 
  custom:video-decoder-webm-vp8: 9c59270c3fd7afecdb556c50c9e8de78 -> 
  custom:audio-decoder-ogg-vorbis: bf7c407c2cedff20999df2af8eb42d56 -> 
========================================================================
Received Import Request.
  Time since last request: 2569.570686 seconds.
  path: Assets/MedievalTownExteriors/Prefabs/Bucket.prefab
  artifactKey: Guid(f7967af397df22847975f89c8e017716) Importer(815301076,1909f56bfc062723c751e8b465ee728b)
Start importing Assets/MedievalTownExteriors/Prefabs/Bucket.prefab using Guid(f7967af397df22847975f89c8e017716) Importer(815301076,1909f56bfc062723c751e8b465ee728b)  -> (artifact id: '29b8ed417102265b195439966cd1ceb3') in 0.170894 seconds 
========================================================================
Received Import Request.
  Time since last request: 0.000062 seconds.
  path: Assets/MedievalTownExteriors/Prefabs/Sack_a.prefab
  artifactKey: Guid(96af99dc9638b2040ad65b33d80e5ec7) Importer(815301076,1909f56bfc062723c751e8b465ee728b)
Start importing Assets/MedievalTownExteriors/Prefabs/Sack_a.prefab using Guid(96af99dc9638b2040ad65b33d80e5ec7) Importer(815301076,1909f56bfc062723c751e8b465ee728b)  -> (artifact id: 'dc959e35f3c8d610a4b4b1be920b2262') in 0.017352 seconds 
========================================================================
Received Import Request.
  Time since last request: 0.000026 seconds.
  path: Assets/MedievalTownExteriors/Prefabs/Mushroom_c.prefab
  artifactKey: Guid(b4c76366100be8d47aaca26006e1e7d5) Importer(815301076,1909f56bfc062723c751e8b465ee728b)
Start importing Assets/MedievalTownExteriors/Prefabs/Mushroom_c.prefab using Guid(b4c76366100be8d47aaca26006e1e7d5) Importer(815301076,1909f56bfc062723c751e8b465ee728b)  -> (artifact id: '1ce9c5a76b2028fddd6e198306cb71ee') in 0.018078 seconds 
========================================================================
Received Import Request.
  Time since last request: 0.000027 seconds.
  path: Assets/MedievalTownExteriors/Prefabs/Building_a.prefab
  artifactKey: Guid(5953515103f4b3c4dbd003cda1894775) Importer(815301076,1909f56bfc062723c751e8b465ee728b)
Start importing Assets/MedievalTownExteriors/Prefabs/Building_a.prefab using Guid(5953515103f4b3c4dbd003cda1894775) Importer(815301076,1909f56bfc062723c751e8b465ee728b)  -> (artifact id: '9063f4d89c4d68f46023b6f350978fe6') in 0.017914 seconds 
========================================================================
Received Import Request.
  Time since last request: 0.000019 seconds.
  path: Assets/MedievalTownExteriors/Prefabs/Sign_c.prefab
  artifactKey: Guid(21919ccc92a1bc445a9e67167e6ad9bd) Importer(815301076,1909f56bfc062723c751e8b465ee728b)
Start importing Assets/MedievalTownExteriors/Prefabs/Sign_c.prefab using Guid(21919ccc92a1bc445a9e67167e6ad9bd) Importer(815301076,1909f56bfc062723c751e8b465ee728b)  -> (artifact id: 'a1ce91f7260c7c81d5a61b649473ddd9') in 0.013806 seconds 
========================================================================
Received Import Request.
  Time since last request: 0.000021 seconds.
  path: Assets/MedievalTownExteriors/Prefabs/Hay_c.prefab
  artifactKey: Guid(923ec327cbb4a4545af1dcb073589c9d) Importer(815301076,1909f56bfc062723c751e8b465ee728b)
Start importing Assets/MedievalTownExteriors/Prefabs/Hay_c.prefab using Guid(923ec327cbb4a4545af1dcb073589c9d) Importer(815301076,1909f56bfc062723c751e8b465ee728b)  -> (artifact id: 'f6cee11da6e88a9ec437584ed8caba83') in 0.012394 seconds 
========================================================================
Received Import Request.
  Time since last request: 0.000020 seconds.
  path: Assets/MedievalTownExteriors/Prefabs/Hay_a.prefab
  artifactKey: Guid(d2455836f34483a42b6613a8fc03a747) Importer(815301076,1909f56bfc062723c751e8b465ee728b)
Start importing Assets/MedievalTownExteriors/Prefabs/Hay_a.prefab using Guid(d2455836f34483a42b6613a8fc03a747) Importer(815301076,1909f56bfc062723c751e8b465ee728b)  -> (artifact id: '978e31e71ac809a2f091d6e15792127a') in 0.012894 seconds 
========================================================================
Received Import Request.
  Time since last request: 0.000018 seconds.
  path: Assets/MedievalTownExteriors/Prefabs/Cart_a.prefab
  artifactKey: Guid(75d66a9f0f71d1749afc782d07c7ea30) Importer(815301076,1909f56bfc062723c751e8b465ee728b)
Start importing Assets/MedievalTownExteriors/Prefabs/Cart_a.prefab using Guid(75d66a9f0f71d1749afc782d07c7ea30) Importer(815301076,1909f56bfc062723c751e8b465ee728b)  -> (artifact id: 'c8173ccf986ebe2a46af8484f0a9b7e2') in 0.014886 seconds 
========================================================================
Received Import Request.
  Time since last request: 0.000031 seconds.
  path: Assets/MedievalTownExteriors/Prefabs/Rock_a.prefab
  artifactKey: Guid(6dae62de16c1a7948957ecb3f97cb911) Importer(815301076,1909f56bfc062723c751e8b465ee728b)
Start importing Assets/MedievalTownExteriors/Prefabs/Rock_a.prefab using Guid(6dae62de16c1a7948957ecb3f97cb911) Importer(815301076,1909f56bfc062723c751e8b465ee728b)  -> (artifact id: '5408c906e23a5b3737e217ea8d591c38') in 0.013100 seconds 
========================================================================
Received Import Request.
  Time since last request: 0.000017 seconds.
  path: Assets/MedievalTownExteriors/Prefabs/Tent.prefab
  artifactKey: Guid(61fb7c015a745ea42900f99f6f123343) Importer(815301076,1909f56bfc062723c751e8b465ee728b)
Start importing Assets/MedievalTownExteriors/Prefabs/Tent.prefab using Guid(61fb7c015a745ea42900f99f6f123343) Importer(815301076,1909f56bfc062723c751e8b465ee728b)  -> (artifact id: '68cc0e295e0e7bd08bd824cb53209cfd') in 0.012340 seconds 
========================================================================
Received Import Request.
  Time since last request: 0.000021 seconds.
  path: Assets/MedievalTownExteriors/Prefabs/Building_e.prefab
  artifactKey: Guid(b446cb707004e444d8324ec6f1c8888b) Importer(815301076,1909f56bfc062723c751e8b465ee728b)
Start importing Assets/MedievalTownExteriors/Prefabs/Building_e.prefab using Guid(b446cb707004e444d8324ec6f1c8888b) Importer(815301076,1909f56bfc062723c751e8b465ee728b)  -> (artifact id: '6fc8ad63e2dd6a50a58da78aa8c0fd0d') in 0.019638 seconds 
========================================================================
Received Import Request.
  Time since last request: 0.000015 seconds.
  path: Assets/MedievalTownExteriors/Prefabs/Cart_b.prefab
  artifactKey: Guid(a5b31c0f3705bb44d8ad2d28adacc898) Importer(815301076,1909f56bfc062723c751e8b465ee728b)
Start importing Assets/MedievalTownExteriors/Prefabs/Cart_b.prefab using Guid(a5b31c0f3705bb44d8ad2d28adacc898) Importer(815301076,1909f56bfc062723c751e8b465ee728b)  -> (artifact id: '711ed251e6450771d953451defd3a2e1') in 0.013076 seconds 
========================================================================
Received Import Request.
  Time since last request: 0.000017 seconds.
  path: Assets/MedievalTownExteriors/Prefabs/Grass.prefab
  artifactKey: Guid(471c1eb32c770a54ea8a1c3ffbda1de6) Importer(815301076,1909f56bfc062723c751e8b465ee728b)
Start importing Assets/MedievalTownExteriors/Prefabs/Grass.prefab using Guid(471c1eb32c770a54ea8a1c3ffbda1de6) Importer(815301076,1909f56bfc062723c751e8b465ee728b)  -> (artifact id: 'e7c354fa24b5f9cf3a298f81fe48a175') in 0.016063 seconds 
========================================================================
Received Import Request.
  Time since last request: 0.000020 seconds.
  path: Assets/MedievalTownExteriors/Prefabs/Sign_a.prefab
  artifactKey: Guid(b2e054983935ebc4c959a2513ac649dc) Importer(815301076,1909f56bfc062723c751e8b465ee728b)
Start importing Assets/MedievalTownExteriors/Prefabs/Sign_a.prefab using Guid(b2e054983935ebc4c959a2513ac649dc) Importer(815301076,1909f56bfc062723c751e8b465ee728b)  -> (artifact id: 'bc3d3eda67f29a2da79b194c5ff14594') in 0.013154 seconds 
========================================================================
Received Import Request.
  Time since last request: 0.000024 seconds.
  path: Assets/MedievalTownExteriors/Prefabs/Food_b.prefab
  artifactKey: Guid(43972cadef1914d4f81ad6e4d8678cd1) Importer(815301076,1909f56bfc062723c751e8b465ee728b)
Start importing Assets/MedievalTownExteriors/Prefabs/Food_b.prefab using Guid(43972cadef1914d4f81ad6e4d8678cd1) Importer(815301076,1909f56bfc062723c751e8b465ee728b)  -> (artifact id: '3f04307248bb767469b0ff49a50b4cbc') in 0.018041 seconds 
========================================================================
Received Import Request.
  Time since last request: 0.000019 seconds.
  path: Assets/MedievalTownExteriors/Prefabs/Cart_Wheel_b.prefab
  artifactKey: Guid(acd706c9351b77a4c80570beb022be19) Importer(815301076,1909f56bfc062723c751e8b465ee728b)
Start importing Assets/MedievalTownExteriors/Prefabs/Cart_Wheel_b.prefab using Guid(acd706c9351b77a4c80570beb022be19) Importer(815301076,1909f56bfc062723c751e8b465ee728b)  -> (artifact id: '9eb3ef8b71d4904e1fa2f27f13905b2b') in 0.014457 seconds 
========================================================================
Received Import Request.
  Time since last request: 0.000019 seconds.
  path: Assets/MedievalTownExteriors/Prefabs/Crate.prefab
  artifactKey: Guid(abf604235fd5ccd4798c42e6b60b0ae4) Importer(815301076,1909f56bfc062723c751e8b465ee728b)
Start importing Assets/MedievalTownExteriors/Prefabs/Crate.prefab using Guid(abf604235fd5ccd4798c42e6b60b0ae4) Importer(815301076,1909f56bfc062723c751e8b465ee728b)  -> (artifact id: '82f98671db663b0c483f4a49d64a45bc') in 0.012251 seconds 
========================================================================
Received Import Request.
  Time since last request: 0.000014 seconds.
  path: Assets/MedievalTownExteriors/Prefabs/Logs_b.prefab
  artifactKey: Guid(737f000fba6aa60458d3ec61cb22fcc3) Importer(815301076,1909f56bfc062723c751e8b465ee728b)
Start importing Assets/MedievalTownExteriors/Prefabs/Logs_b.prefab using Guid(737f000fba6aa60458d3ec61cb22fcc3) Importer(815301076,1909f56bfc062723c751e8b465ee728b)  -> (artifact id: '1b615583ae148f126ea0184c139c8528') in 0.015290 seconds 
========================================================================
Received Import Request.
  Time since last request: 0.000016 seconds.
  path: Assets/MedievalTownExteriors/Prefabs/Rock_b.prefab
  artifactKey: Guid(7d68ef85b5774b8409ac6d158e5a7709) Importer(815301076,1909f56bfc062723c751e8b465ee728b)
Start importing Assets/MedievalTownExteriors/Prefabs/Rock_b.prefab using Guid(7d68ef85b5774b8409ac6d158e5a7709) Importer(815301076,1909f56bfc062723c751e8b465ee728b)  -> (artifact id: 'adc8f84a26dcf3425c6a232840adfacd') in 0.012046 seconds 
========================================================================
Received Import Request.
  Time since last request: 3.975130 seconds.
  path: Assets/MedievalTownExteriors/Textures/GrassyRocks.jpg
  artifactKey: Guid(26f1e5ca1e9bfb448924bf26281cf743) Importer(815301076,1909f56bfc062723c751e8b465ee728b)
Start importing Assets/MedievalTownExteriors/Textures/GrassyRocks.jpg using Guid(26f1e5ca1e9bfb448924bf26281cf743) Importer(815301076,1909f56bfc062723c751e8b465ee728b)  -> (artifact id: 'ed9b15e4ad3d3de3e7fce2cec6d3eba1') in 0.031113 seconds 
========================================================================
Received Import Request.
  Time since last request: 168.873170 seconds.
  path: Assets/MedievalTownExteriors/Materials/Building_Texture 3.mat
  artifactKey: Guid(7921fada4c3559e42baed6fdd121357f) Importer(815301076,1909f56bfc062723c751e8b465ee728b)
Start importing Assets/MedievalTownExteriors/Materials/Building_Texture 3.mat using Guid(7921fada4c3559e42baed6fdd121357f) Importer(815301076,1909f56bfc062723c751e8b465ee728b)  -> (artifact id: '085e57d3380c9a47b1f39d422026a11e') in 0.051598 seconds 
========================================================================
Received Import Request.
  Time since last request: 52.286948 seconds.
  path: Assets/MedievalTownExteriors/_TerrainAutoUpgrade/layer_GrassyRocks(5.000,5.000)(0.000,0.000)(0.000,0.000,0.000),0.000,0.000.terrainlayer
  artifactKey: Guid(fcd0d7d673e58b442a38f8c5bb5805a1) Importer(815301076,1909f56bfc062723c751e8b465ee728b)
Start importing Assets/MedievalTownExteriors/_TerrainAutoUpgrade/layer_GrassyRocks(5.000,5.000)(0.000,0.000)(0.000,0.000,0.000),0.000,0.000.terrainlayer using Guid(fcd0d7d673e58b442a38f8c5bb5805a1) Importer(815301076,1909f56bfc062723c751e8b465ee728b)  -> (artifact id: '44f26a7b2bdc021325c26f1cd889df35') in 0.021123 seconds 
========================================================================
Received Import Request.
  Time since last request: 188.609711 seconds.
  path: Assets/SkySeries Freebie/FreebieHdri/CasualDay4K.hdr
  artifactKey: Guid(1153dc89e66880c4eb7adc16ba588855) Importer(815301076,1909f56bfc062723c751e8b465ee728b)
Start importing Assets/SkySeries Freebie/FreebieHdri/CasualDay4K.hdr using Guid(1153dc89e66880c4eb7adc16ba588855) Importer(815301076,1909f56bfc062723c751e8b465ee728b)  -> (artifact id: '5b7708cbe1b0df88e9d8b8dc238defec') in 0.103307 seconds 
========================================================================
Received Import Request.
  Time since last request: 0.000126 seconds.
  path: Assets/SkySeries Freebie/FreebieHdri/CoriolisNight4k.hdr
  artifactKey: Guid(354036e57ae357148aed267204ce73a7) Importer(815301076,1909f56bfc062723c751e8b465ee728b)
Start importing Assets/SkySeries Freebie/FreebieHdri/CoriolisNight4k.hdr using Guid(354036e57ae357148aed267204ce73a7) Importer(815301076,1909f56bfc062723c751e8b465ee728b)  -> (artifact id: 'd168db40280fde31cb05f037921426f2') in 0.065596 seconds 
========================================================================
Received Import Request.
  Time since last request: 0.000031 seconds.
  path: Assets/Default URP Assets/ExampleAssets/Textures/Props/Construction_Light/ConstructionLight_MetallicOcculusionSmoothness.tif
  artifactKey: Guid(9a81f1a59f171804e84fce76584bdcb7) Importer(815301076,1909f56bfc062723c751e8b465ee728b)
Start importing Assets/Default URP Assets/ExampleAssets/Textures/Props/Construction_Light/ConstructionLight_MetallicOcculusionSmoothness.tif using Guid(9a81f1a59f171804e84fce76584bdcb7) Importer(815301076,1909f56bfc062723c751e8b465ee728b)  -> (artifact id: 'efdd92bef14c8d61998e501e93079496') in 0.020677 seconds 
========================================================================
Received Import Request.
  Time since last request: 1.780262 seconds.
  path: Assets/SkySeries Freebie/FreebieHdri/CosmicCoolCloudBottom.hdr
  artifactKey: Guid(94b877781ad034640abce933599b6f2e) Importer(815301076,1909f56bfc062723c751e8b465ee728b)
Start importing Assets/SkySeries Freebie/FreebieHdri/CosmicCoolCloudBottom.hdr using Guid(94b877781ad034640abce933599b6f2e) Importer(815301076,1909f56bfc062723c751e8b465ee728b)  -> (artifact id: '7912abc3cfc35c365e6b7db84f3c91c5') in 0.020994 seconds 
========================================================================
Received Import Request.
  Time since last request: 0.016433 seconds.
  path: Assets/SkySeries Freebie/FreebieHdri/CosmicCoolCloudFront.hdr
  artifactKey: Guid(d822c5eff7d42f04691027bc8c2b0716) Importer(815301076,1909f56bfc062723c751e8b465ee728b)
Start importing Assets/SkySeries Freebie/FreebieHdri/CosmicCoolCloudFront.hdr using Guid(d822c5eff7d42f04691027bc8c2b0716) Importer(815301076,1909f56bfc062723c751e8b465ee728b)  -> (artifact id: '60db813bb0c71df1ad23e7edb0799da4') in 0.016864 seconds 
========================================================================
Received Import Request.
  Time since last request: 2.275473 seconds.
  path: Assets/SkySeries Freebie/FreebieHdri/CosmicCoolCloudRight.hdr
  artifactKey: Guid(438e868ac8cccca4e81873838a67c003) Importer(815301076,1909f56bfc062723c751e8b465ee728b)
Start importing Assets/SkySeries Freebie/FreebieHdri/CosmicCoolCloudRight.hdr using Guid(438e868ac8cccca4e81873838a67c003) Importer(815301076,1909f56bfc062723c751e8b465ee728b)  -> (artifact id: '6954ad547da95ee48d9c83b343114c57') in 0.016164 seconds 
========================================================================
Received Import Request.
  Time since last request: 0.017231 seconds.
  path: Assets/SkySeries Freebie/FreebieHdri/DarkStorm4K.hdr
  artifactKey: Guid(762f22ba43541df4e95e0e7126e8d96c) Importer(815301076,1909f56bfc062723c751e8b465ee728b)
Start importing Assets/SkySeries Freebie/FreebieHdri/DarkStorm4K.hdr using Guid(762f22ba43541df4e95e0e7126e8d96c) Importer(815301076,1909f56bfc062723c751e8b465ee728b)  -> (artifact id: 'affc79c278d8927d23c6c90c297529f2') in 0.044189 seconds 
========================================================================
Received Import Request.
  Time since last request: 0.051837 seconds.
  path: Assets/Default URP Assets/ExampleAssets/Textures/Drywall/Drywall_Albedo.tif
  artifactKey: Guid(eae496078d11426448124eaf8b285e6b) Importer(815301076,1909f56bfc062723c751e8b465ee728b)
Start importing Assets/Default URP Assets/ExampleAssets/Textures/Drywall/Drywall_Albedo.tif using Guid(eae496078d11426448124eaf8b285e6b) Importer(815301076,1909f56bfc062723c751e8b465ee728b)  -> (artifact id: 'c9181cccf9ad2e5d6342451caeed40bd') in 0.011170 seconds 
========================================================================
Received Import Request.
  Time since last request: 0.086487 seconds.
  path: Assets/Default URP Assets/ExampleAssets/Textures/Drywall/Drywall_Normal.tif
  artifactKey: Guid(e231e4c02c48ee14aafa55f7b1a843c1) Importer(815301076,1909f56bfc062723c751e8b465ee728b)
Start importing Assets/Default URP Assets/ExampleAssets/Textures/Drywall/Drywall_Normal.tif using Guid(e231e4c02c48ee14aafa55f7b1a843c1) Importer(815301076,1909f56bfc062723c751e8b465ee728b)  -> (artifact id: '5156ae373132ed4c88c749d07f90157f') in 0.016090 seconds 
========================================================================
Received Import Request.
  Time since last request: 0.723129 seconds.
  path: Assets/Default URP Assets/ExampleAssets/Textures/Plastic/Elastic_MetallicOcculusionSmoothness.tif
  artifactKey: Guid(f5df2fb0c070b57429f8ca23b216093b) Importer(815301076,1909f56bfc062723c751e8b465ee728b)
Start importing Assets/Default URP Assets/ExampleAssets/Textures/Plastic/Elastic_MetallicOcculusionSmoothness.tif using Guid(f5df2fb0c070b57429f8ca23b216093b) Importer(815301076,1909f56bfc062723c751e8b465ee728b)  -> (artifact id: '0f200a3269944625f58f6d281b9cbe85') in 0.014405 seconds 
========================================================================
Received Import Request.
  Time since last request: 0.000046 seconds.
  path: Assets/SkySeries Freebie/FreebieHdri/FluffballDay4k.hdr
  artifactKey: Guid(3e80b688af9b1d84ea52c5d36bb1cbbd) Importer(815301076,1909f56bfc062723c751e8b465ee728b)
Start importing Assets/SkySeries Freebie/FreebieHdri/FluffballDay4k.hdr using Guid(3e80b688af9b1d84ea52c5d36bb1cbbd) Importer(815301076,1909f56bfc062723c751e8b465ee728b)  -> (artifact id: 'e06d263de9b0ad004811967777cc573d') in 0.045444 seconds 
========================================================================
Received Import Request.
  Time since last request: 0.000037 seconds.
  path: Assets/SkySeries Freebie/FreebieHdri/FluffballDayBottom.hdr
  artifactKey: Guid(42e0664ae4c5c424ebcd980a10687e18) Importer(815301076,1909f56bfc062723c751e8b465ee728b)
Start importing Assets/SkySeries Freebie/FreebieHdri/FluffballDayBottom.hdr using Guid(42e0664ae4c5c424ebcd980a10687e18) Importer(815301076,1909f56bfc062723c751e8b465ee728b)  -> (artifact id: '7460ddd1ea2073a0fcd61f440cded9a8') in 0.015608 seconds 
========================================================================
Received Import Request.
  Time since last request: 0.080654 seconds.
  path: Assets/SkySeries Freebie/FreebieHdri/FluffballDayLeft.hdr
  artifactKey: Guid(a78d8299279fda54098aca1c72ecfae1) Importer(815301076,1909f56bfc062723c751e8b465ee728b)
Start importing Assets/SkySeries Freebie/FreebieHdri/FluffballDayLeft.hdr using Guid(a78d8299279fda54098aca1c72ecfae1) Importer(815301076,1909f56bfc062723c751e8b465ee728b)  -> (artifact id: '6b002066cf69943b279728ae5197959f') in 0.013061 seconds 
========================================================================
Received Import Request.
  Time since last request: 0.542867 seconds.
  path: Assets/SkySeries Freebie/FreebieHdri/FluffballDayTop.hdr
  artifactKey: Guid(c769857dc541ab7449d1352d7ff46ce8) Importer(815301076,1909f56bfc062723c751e8b465ee728b)
Start importing Assets/SkySeries Freebie/FreebieHdri/FluffballDayTop.hdr using Guid(c769857dc541ab7449d1352d7ff46ce8) Importer(815301076,1909f56bfc062723c751e8b465ee728b)  -> (artifact id: '7fa7d8c5ca5e38e991d4139ca9574067') in 0.016247 seconds 
========================================================================
Received Import Request.
  Time since last request: 5.175902 seconds.
  path: Assets/Default URP Assets/ExampleAssets/Textures/Concrete/Ground_MetallicOcculusionSmoothness.tif
  artifactKey: Guid(a8d38587573a5f34c91c4ae0fbd8bfef) Importer(815301076,1909f56bfc062723c751e8b465ee728b)
Start importing Assets/Default URP Assets/ExampleAssets/Textures/Concrete/Ground_MetallicOcculusionSmoothness.tif using Guid(a8d38587573a5f34c91c4ae0fbd8bfef) Importer(815301076,1909f56bfc062723c751e8b465ee728b)  -> (artifact id: '3e586311f79311e14fa78b04c96a31e9') in 0.023398 seconds 
========================================================================
Received Import Request.
  Time since last request: 0.013949 seconds.
  path: Assets/Default URP Assets/ExampleAssets/Textures/Props/Hammer/Hammer_Albedo.tif
  artifactKey: Guid(59c8de363dc14c54986d0751c2c38342) Importer(815301076,1909f56bfc062723c751e8b465ee728b)
Start importing Assets/Default URP Assets/ExampleAssets/Textures/Props/Hammer/Hammer_Albedo.tif using Guid(59c8de363dc14c54986d0751c2c38342) Importer(815301076,1909f56bfc062723c751e8b465ee728b)  -> (artifact id: '84ba7a7b2a3f87ff8b92bb00dfddb378') in 0.016904 seconds 
========================================================================
Received Import Request.
  Time since last request: 0.017615 seconds.
  path: Assets/Default URP Assets/TutorialInfo/Icons/Help_Icon.png
  artifactKey: Guid(34f556d724b1bbf4097ca6220db2c581) Importer(815301076,1909f56bfc062723c751e8b465ee728b)
Start importing Assets/Default URP Assets/TutorialInfo/Icons/Help_Icon.png using Guid(34f556d724b1bbf4097ca6220db2c581) Importer(815301076,1909f56bfc062723c751e8b465ee728b)  -> (artifact id: '594b5b9051fd3dd352e03b285c9d5a2e') in 0.067492 seconds 
========================================================================
Received Import Request.
  Time since last request: 0.470283 seconds.
  path: Assets/SkySeries Freebie/FreebieHdri/MegaSun4k.hdr
  artifactKey: Guid(8967f190ed29c46418093a47d66daee8) Importer(815301076,1909f56bfc062723c751e8b465ee728b)
Start importing Assets/SkySeries Freebie/FreebieHdri/MegaSun4k.hdr using Guid(8967f190ed29c46418093a47d66daee8) Importer(815301076,1909f56bfc062723c751e8b465ee728b)  -> (artifact id: 'b9142e1252e3a54bab439d543210ee9b') in 0.044730 seconds 
========================================================================
Received Import Request.
  Time since last request: 0.027427 seconds.
  path: Assets/SkySeries Freebie/FreebieHdri/MegaSunBottom.hdr
  artifactKey: Guid(3de85f3af41435a4c8f9d237bc1f19ec) Importer(815301076,1909f56bfc062723c751e8b465ee728b)
Start importing Assets/SkySeries Freebie/FreebieHdri/MegaSunBottom.hdr using Guid(3de85f3af41435a4c8f9d237bc1f19ec) Importer(815301076,1909f56bfc062723c751e8b465ee728b)  -> (artifact id: '1fc7f85c4451a8b5defb443626c893c5') in 0.013524 seconds 
========================================================================
Received Import Request.
  Time since last request: 0.062526 seconds.
  path: Assets/SkySeries Freebie/FreebieHdri/MegaSunLeft.hdr
  artifactKey: Guid(7f0373fb8ec72a142898c7984aada4b9) Importer(815301076,1909f56bfc062723c751e8b465ee728b)
Start importing Assets/SkySeries Freebie/FreebieHdri/MegaSunLeft.hdr using Guid(7f0373fb8ec72a142898c7984aada4b9) Importer(815301076,1909f56bfc062723c751e8b465ee728b)  -> (artifact id: 'dc0c44b54cd0f488a88c20c00a608509') in 0.014936 seconds 
========================================================================
Received Import Request.
  Time since last request: 0.606679 seconds.
  path: Assets/SkySeries Freebie/FreebieHdri/MegaSunTop.hdr
  artifactKey: Guid(47d70ba0d1c1c3e4ab451b6bc37b0ebe) Importer(815301076,1909f56bfc062723c751e8b465ee728b)
Start importing Assets/SkySeries Freebie/FreebieHdri/MegaSunTop.hdr using Guid(47d70ba0d1c1c3e4ab451b6bc37b0ebe) Importer(815301076,1909f56bfc062723c751e8b465ee728b)  -> (artifact id: 'a749499673838e5a0f37e377caa2f7b3') in 0.016011 seconds 
========================================================================
Received Import Request.
  Time since last request: 0.094406 seconds.
  path: Assets/Default URP Assets/ExampleAssets/Textures/Metal/Metal_MetallicSmoothness.tif
  artifactKey: Guid(40da0395b61db4448b98bab66d6b549c) Importer(815301076,1909f56bfc062723c751e8b465ee728b)
Start importing Assets/Default URP Assets/ExampleAssets/Textures/Metal/Metal_MetallicSmoothness.tif using Guid(40da0395b61db4448b98bab66d6b549c) Importer(815301076,1909f56bfc062723c751e8b465ee728b)  -> (artifact id: '3b76b1d2ad2eb4b5e53c41a9ff7340d2') in 0.012712 seconds 
========================================================================
Received Import Request.
  Time since last request: 1.419352 seconds.
  path: Assets/Default URP Assets/ExampleAssets/Textures/Wood/OBS_MetallicOcculusionSmoothness.tif
  artifactKey: Guid(22638a9216f1ebf4cb43273a00879f51) Importer(815301076,1909f56bfc062723c751e8b465ee728b)
Start importing Assets/Default URP Assets/ExampleAssets/Textures/Wood/OBS_MetallicOcculusionSmoothness.tif using Guid(22638a9216f1ebf4cb43273a00879f51) Importer(815301076,1909f56bfc062723c751e8b465ee728b)  -> (artifact id: 'b0b44d3b6dc208d807c8a8ab6e4771c4') in 0.014851 seconds 
========================================================================
Received Import Request.
  Time since last request: 0.018336 seconds.
  path: Assets/Default URP Assets/ExampleAssets/Textures/Props/Paint/Paint1G_Albedo.tif
  artifactKey: Guid(2de0d72a6700bd94ea57111b29e246fc) Importer(815301076,1909f56bfc062723c751e8b465ee728b)
Start importing Assets/Default URP Assets/ExampleAssets/Textures/Props/Paint/Paint1G_Albedo.tif using Guid(2de0d72a6700bd94ea57111b29e246fc) Importer(815301076,1909f56bfc062723c751e8b465ee728b)  -> (artifact id: 'a90c2631563ecbb2cf6de21bcc88e913') in 0.013567 seconds 
========================================================================
Received Import Request.
  Time since last request: 0.090161 seconds.
  path: Assets/Default URP Assets/ExampleAssets/Textures/Props/Paint/Paint1G_Normal.tif
  artifactKey: Guid(ac80c335ebd6dde4fa54a82050064545) Importer(815301076,1909f56bfc062723c751e8b465ee728b)
Start importing Assets/Default URP Assets/ExampleAssets/Textures/Props/Paint/Paint1G_Normal.tif using Guid(ac80c335ebd6dde4fa54a82050064545) Importer(815301076,1909f56bfc062723c751e8b465ee728b)  -> (artifact id: '266b1a51fc08cf3d9e795c265dc74bb3') in 0.016066 seconds 
========================================================================
Received Import Request.
  Time since last request: 0.220519 seconds.
  path: Assets/Default URP Assets/ExampleAssets/Textures/Props/Paint/PaintAnimMask.tif
  artifactKey: Guid(5e98de278b2ccc14f89b76b85596a3f3) Importer(815301076,1909f56bfc062723c751e8b465ee728b)
Start importing Assets/Default URP Assets/ExampleAssets/Textures/Props/Paint/PaintAnimMask.tif using Guid(5e98de278b2ccc14f89b76b85596a3f3) Importer(815301076,1909f56bfc062723c751e8b465ee728b)  -> (artifact id: 'dc21282247edf95d87162c73e7bdd2cd') in 0.015201 seconds 
========================================================================
Received Import Request.
  Time since last request: 0.000022 seconds.
  path: Assets/Default URP Assets/ExampleAssets/Textures/Props/Paint/Paintbrush_MetallicOcculusionSmoothness.tif
  artifactKey: Guid(888916a5e87c05948b1a97b3c0d42556) Importer(815301076,1909f56bfc062723c751e8b465ee728b)
Start importing Assets/Default URP Assets/ExampleAssets/Textures/Props/Paint/Paintbrush_MetallicOcculusionSmoothness.tif using Guid(888916a5e87c05948b1a97b3c0d42556) Importer(815301076,1909f56bfc062723c751e8b465ee728b)  -> (artifact id: 'e1f2548c3a2d06566eae1e2adbd49243') in 0.014644 seconds 
========================================================================
Received Import Request.
  Time since last request: 0.015564 seconds.
  path: Assets/Default URP Assets/ExampleAssets/Textures/Props/Paint/PaintLabel.tif
  artifactKey: Guid(e5c37ab0c7b37af4f981195d3caaf4b4) Importer(815301076,1909f56bfc062723c751e8b465ee728b)
Start importing Assets/Default URP Assets/ExampleAssets/Textures/Props/Paint/PaintLabel.tif using Guid(e5c37ab0c7b37af4f981195d3caaf4b4) Importer(815301076,1909f56bfc062723c751e8b465ee728b)  -> (artifact id: 'a8827e26024f50364e297c273a6cf2ea') in 0.016351 seconds 
========================================================================
Received Import Request.
  Time since last request: 0.000048 seconds.
  path: Assets/Default URP Assets/ExampleAssets/Textures/Plastic/Plastic_AlbedoSmoothness.tif
  artifactKey: Guid(1f89fed00b6bc904c861ab847a811cb8) Importer(815301076,1909f56bfc062723c751e8b465ee728b)
Start importing Assets/Default URP Assets/ExampleAssets/Textures/Plastic/Plastic_AlbedoSmoothness.tif using Guid(1f89fed00b6bc904c861ab847a811cb8) Importer(815301076,1909f56bfc062723c751e8b465ee728b)  -> (artifact id: 'e8dcaacfe119312fb385631a1c98af26') in 0.017544 seconds 
========================================================================
Received Import Request.
  Time since last request: 0.000056 seconds.
  path: Assets/Default URP Assets/ExampleAssets/Textures/Plastic/PlasticRidges_Albedo.tif
  artifactKey: Guid(ecb23393a0d1b424a82fff68a4c00a66) Importer(815301076,1909f56bfc062723c751e8b465ee728b)
Start importing Assets/Default URP Assets/ExampleAssets/Textures/Plastic/PlasticRidges_Albedo.tif using Guid(ecb23393a0d1b424a82fff68a4c00a66) Importer(815301076,1909f56bfc062723c751e8b465ee728b)  -> (artifact id: '293cec168837515a52a0c9438d898642') in 0.015627 seconds 
========================================================================
Received Import Request.
  Time since last request: 0.014017 seconds.
  path: Assets/Default URP Assets/ExampleAssets/Textures/Plastic/PlasticRidges_Normal.tif
  artifactKey: Guid(c021d051fa0cba84282b4a2577aa85c5) Importer(815301076,1909f56bfc062723c751e8b465ee728b)
Start importing Assets/Default URP Assets/ExampleAssets/Textures/Plastic/PlasticRidges_Normal.tif using Guid(c021d051fa0cba84282b4a2577aa85c5) Importer(815301076,1909f56bfc062723c751e8b465ee728b)  -> (artifact id: '449575e74189d5c0d6f48e67e96f3d24') in 0.013001 seconds 
========================================================================
Received Import Request.
  Time since last request: 0.280875 seconds.
  path: Assets/Default URP Assets/ExampleAssets/Textures/Plastic/PlasticRough_MetallicOcculusionSmoothness.tif
  artifactKey: Guid(ee7680f1374ab4449b6d5f6b2c2c1936) Importer(815301076,1909f56bfc062723c751e8b465ee728b)
Start importing Assets/Default URP Assets/ExampleAssets/Textures/Plastic/PlasticRough_MetallicOcculusionSmoothness.tif using Guid(ee7680f1374ab4449b6d5f6b2c2c1936) Importer(815301076,1909f56bfc062723c751e8b465ee728b)  -> (artifact id: '5346124bf63863fff5e5b08b043f56a4') in 0.017649 seconds 
========================================================================
Received Import Request.
  Time since last request: 0.000020 seconds.
  path: Assets/Default URP Assets/ExampleAssets/Textures/Wood/Plywood_MetallicOcculusionSmoothness.tif
  artifactKey: Guid(2e38f7921b7d7b1418ab63c08117ffb8) Importer(815301076,1909f56bfc062723c751e8b465ee728b)
Start importing Assets/Default URP Assets/ExampleAssets/Textures/Wood/Plywood_MetallicOcculusionSmoothness.tif using Guid(2e38f7921b7d7b1418ab63c08117ffb8) Importer(815301076,1909f56bfc062723c751e8b465ee728b)  -> (artifact id: 'f30d8e2ad228c9bfdcc0e8f9328d74f9') in 0.017673 seconds 
========================================================================
Received Import Request.
  Time since last request: 0.000044 seconds.
  path: Assets/Default URP Assets/ExampleAssets/Textures/Props/HardHat/SafetyHat_Albedo.tif
  artifactKey: Guid(dd61af2ec9847eb4d8e17529fa61b143) Importer(815301076,1909f56bfc062723c751e8b465ee728b)
Start importing Assets/Default URP Assets/ExampleAssets/Textures/Props/HardHat/SafetyHat_Albedo.tif using Guid(dd61af2ec9847eb4d8e17529fa61b143) Importer(815301076,1909f56bfc062723c751e8b465ee728b)  -> (artifact id: '786184a3453ab3182fe477edfee331a1') in 0.015660 seconds 
========================================================================
Received Import Request.
  Time since last request: 0.017652 seconds.
  path: Assets/Default URP Assets/ExampleAssets/Textures/Props/HardHat/SafetyHat_Normal.tif
  artifactKey: Guid(d608c45da8580c9408ee50eb9a8c40f3) Importer(815301076,1909f56bfc062723c751e8b465ee728b)
Start importing Assets/Default URP Assets/ExampleAssets/Textures/Props/HardHat/SafetyHat_Normal.tif using Guid(d608c45da8580c9408ee50eb9a8c40f3) Importer(815301076,1909f56bfc062723c751e8b465ee728b)  -> (artifact id: '9da3ed855d6a65b8ce4b7b6663deab57') in 0.014629 seconds 
========================================================================
Received Import Request.
  Time since last request: 0.000049 seconds.
  path: Assets/terrain/New Terrain.asset
  artifactKey: Guid(93659c4fa28195742a8da7976a1d1409) Importer(815301076,1909f56bfc062723c751e8b465ee728b)
Start importing Assets/terrain/New Terrain.asset using Guid(93659c4fa28195742a8da7976a1d1409) Importer(815301076,1909f56bfc062723c751e8b465ee728b)  -> (artifact id: 'dfa401a1f950e1606df002a9a3054285') in 0.036387 seconds 
========================================================================
Received Import Request.
  Time since last request: 0.279251 seconds.
  path: Assets/SkySeries Freebie/FreebieHdri/UnearthlyRed4k.hdr
  artifactKey: Guid(a3de28b69b48944438c87668bd722ae7) Importer(815301076,1909f56bfc062723c751e8b465ee728b)
Start importing Assets/SkySeries Freebie/FreebieHdri/UnearthlyRed4k.hdr using Guid(a3de28b69b48944438c87668bd722ae7) Importer(815301076,1909f56bfc062723c751e8b465ee728b)  -> (artifact id: '259df4a146c6afb72dc1155a2a6b196d') in 0.062678 seconds 
========================================================================
Received Import Request.
  Time since last request: 68.810035 seconds.
  path: Assets/MedievalTownExteriors/Materials
  artifactKey: Guid(ee4d6d6e7792a804199c103b3a9a60fd) Importer(815301076,1909f56bfc062723c751e8b465ee728b)
Start importing Assets/MedievalTownExteriors/Materials using Guid(ee4d6d6e7792a804199c103b3a9a60fd) Importer(815301076,1909f56bfc062723c751e8b465ee728b)  -> (artifact id: '5277478135d560b0304e547d4f0c1c04') in 0.006004 seconds 
========================================================================
Received Prepare
Registering precompiled user dll's ...
Registered in 0.006415 seconds.
Begin MonoManager ReloadAssembly
Symbol file LoadedFromMemory doesn't match image C:\Users\Blackfang81\My project\Library\PackageCache\com.unity.visualscripting@1.7.6\Editor\VisualScripting.Core\Dependencies\YamlDotNet\Unity.VisualScripting.YamlDotNet.dll
Symbol file LoadedFromMemory doesn't match image C:\Users\Blackfang81\My project\Library\PackageCache\com.unity.visualscripting@1.7.6\Editor\VisualScripting.Core\Dependencies\DotNetZip\Unity.VisualScripting.IonicZip.dll
Native extension for WindowsStandalone target not found
Native extension for WebGL target not found
Refreshing native plugins compatible for Editor in 0.83 ms, found 3 plugins.
Preloading 0 native plugins for Editor in 0.00 ms.
Mono: successfully reloaded assembly
- Completed reload, in  1.153 seconds
Domain Reload Profiling:
	ReloadAssembly (1154ms)
		BeginReloadAssembly (139ms)
			ExecutionOrderSort (0ms)
			DisableScriptedObjects (5ms)
			BackupInstance (0ms)
			ReleaseScriptingObjects (0ms)
			CreateAndSetChildDomain (40ms)
		EndReloadAssembly (918ms)
			LoadAssemblies (82ms)
			RebuildTransferFunctionScriptingTraits (0ms)
			SetupTypeCache (318ms)
			ReleaseScriptCaches (2ms)
			RebuildScriptCaches (56ms)
			SetupLoadedEditorAssemblies (399ms)
				LogAssemblyErrors (0ms)
				InitializePlatformSupportModulesInManaged (17ms)
				SetLoadedEditorAssemblies (1ms)
				RefreshPlugins (1ms)
				BeforeProcessingInitializeOnLoad (81ms)
				ProcessInitializeOnLoadAttributes (258ms)
				ProcessInitializeOnLoadMethodAttributes (33ms)
				AfterProcessingInitializeOnLoad (7ms)
				EditorAssembliesLoaded (0ms)
			ExecutionOrderSort2 (0ms)
			AwakeInstancesAfterBackupRestoration (8ms)
Platform modules already initialized, skipping
Refreshing native plugins compatible for Editor in 2.56 ms, found 3 plugins.
Preloading 0 native plugins for Editor in 0.00 ms.
Unloading 3359 Unused Serialized files (Serialized files now loaded: 0)
Unloading 19 unused Assets / (80.3 KB). Loaded Objects now: 3890.
Memory consumption went from 133.3 MB to 133.2 MB.
Total: 3.701400 ms (FindLiveObjects: 0.337800 ms CreateObjectMapping: 0.220600 ms MarkObjects: 3.045600 ms  DeleteObjects: 0.096400 ms)

AssetImportParameters requested are different than current active one (requested -> active):
  custom:video-decoder-ogg-theora: a1e56fd34408186e4bbccfd4996cb3dc -> 
  custom:container-muxer-webm: aa71ff27fc2769a1b78a27578f13a17b -> 
  custom:container-demuxer-webm: 4f35f7cbe854078d1ac9338744f61a02 -> 
  custom:video-encoder-webm-vp8: eb34c28f22e8b96e1ab97ce403110664 -> 
  custom:audio-encoder-webm-vorbis: bf7c407c2cedff20999df2af8eb42d56 -> 
  custom:framework-win-MediaFoundation: 216162199b28c13a410421893ffa2e32 -> 
  custom:container-demuxer-ogg: 62fdf1f143b41e24485cea50d1cbac27 -> 
  custom:video-decoder-webm-vp8: 9c59270c3fd7afecdb556c50c9e8de78 -> 
  custom:audio-decoder-ogg-vorbis: bf7c407c2cedff20999df2af8eb42d56 -> 
========================================================================
Received Import Request.
  Time since last request: 773.925955 seconds.
  path: Assets/scripts/CameraControl.cs
  artifactKey: Guid(ea60717dde84561469a23ecb6dce4dc5) Importer(815301076,1909f56bfc062723c751e8b465ee728b)
Start importing Assets/scripts/CameraControl.cs using Guid(ea60717dde84561469a23ecb6dce4dc5) Importer(815301076,1909f56bfc062723c751e8b465ee728b)  -> (artifact id: '2a2fde066853debe31db2a4d292f7c0f') in 0.018566 seconds 
========================================================================
Received Prepare
Registering precompiled user dll's ...
Registered in 0.005017 seconds.
Begin MonoManager ReloadAssembly
Symbol file LoadedFromMemory doesn't match image C:\Users\Blackfang81\My project\Library\PackageCache\com.unity.visualscripting@1.7.6\Editor\VisualScripting.Core\Dependencies\YamlDotNet\Unity.VisualScripting.YamlDotNet.dll
Symbol file LoadedFromMemory doesn't match image C:\Users\Blackfang81\My project\Library\PackageCache\com.unity.visualscripting@1.7.6\Editor\VisualScripting.Core\Dependencies\DotNetZip\Unity.VisualScripting.IonicZip.dll
Native extension for WindowsStandalone target not found
Native extension for WebGL target not found
Refreshing native plugins compatible for Editor in 0.54 ms, found 3 plugins.
Preloading 0 native plugins for Editor in 0.00 ms.
Mono: successfully reloaded assembly
- Completed reload, in  1.008 seconds
Domain Reload Profiling:
	ReloadAssembly (1008ms)
		BeginReloadAssembly (131ms)
			ExecutionOrderSort (0ms)
			DisableScriptedObjects (6ms)
			BackupInstance (0ms)
			ReleaseScriptingObjects (0ms)
			CreateAndSetChildDomain (39ms)
		EndReloadAssembly (779ms)
			LoadAssemblies (77ms)
			RebuildTransferFunctionScriptingTraits (0ms)
			SetupTypeCache (304ms)
			ReleaseScriptCaches (1ms)
			RebuildScriptCaches (39ms)
			SetupLoadedEditorAssemblies (322ms)
				LogAssemblyErrors (0ms)
				InitializePlatformSupportModulesInManaged (13ms)
				SetLoadedEditorAssemblies (0ms)
				RefreshPlugins (1ms)
				BeforeProcessingInitializeOnLoad (69ms)
				ProcessInitializeOnLoadAttributes (205ms)
				ProcessInitializeOnLoadMethodAttributes (27ms)
				AfterProcessingInitializeOnLoad (6ms)
				EditorAssembliesLoaded (0ms)
			ExecutionOrderSort2 (0ms)
			AwakeInstancesAfterBackupRestoration (7ms)
Platform modules already initialized, skipping
Refreshing native plugins compatible for Editor in 1.64 ms, found 3 plugins.
Preloading 0 native plugins for Editor in 0.00 ms.
Unloading 3360 Unused Serialized files (Serialized files now loaded: 0)
Unloading 19 unused Assets / (80.3 KB). Loaded Objects now: 3894.
Memory consumption went from 133.4 MB to 133.3 MB.
Total: 2.904400 ms (FindLiveObjects: 0.250600 ms CreateObjectMapping: 0.139000 ms MarkObjects: 2.446000 ms  DeleteObjects: 0.068000 ms)

AssetImportParameters requested are different than current active one (requested -> active):
  custom:video-decoder-ogg-theora: a1e56fd34408186e4bbccfd4996cb3dc -> 
  custom:container-muxer-webm: aa71ff27fc2769a1b78a27578f13a17b -> 
  custom:container-demuxer-webm: 4f35f7cbe854078d1ac9338744f61a02 -> 
  custom:video-encoder-webm-vp8: eb34c28f22e8b96e1ab97ce403110664 -> 
  custom:audio-encoder-webm-vorbis: bf7c407c2cedff20999df2af8eb42d56 -> 
  custom:framework-win-MediaFoundation: 216162199b28c13a410421893ffa2e32 -> 
  custom:container-demuxer-ogg: 62fdf1f143b41e24485cea50d1cbac27 -> 
  custom:video-decoder-webm-vp8: 9c59270c3fd7afecdb556c50c9e8de78 -> 
  custom:audio-decoder-ogg-vorbis: bf7c407c2cedff20999df2af8eb42d56 -> 
========================================================================
Received Prepare
Registering precompiled user dll's ...
Registered in 0.004869 seconds.
Begin MonoManager ReloadAssembly
Symbol file LoadedFromMemory doesn't match image C:\Users\Blackfang81\My project\Library\PackageCache\com.unity.visualscripting@1.7.6\Editor\VisualScripting.Core\Dependencies\YamlDotNet\Unity.VisualScripting.YamlDotNet.dll
Symbol file LoadedFromMemory doesn't match image C:\Users\Blackfang81\My project\Library\PackageCache\com.unity.visualscripting@1.7.6\Editor\VisualScripting.Core\Dependencies\DotNetZip\Unity.VisualScripting.IonicZip.dll
Native extension for WindowsStandalone target not found
Native extension for WebGL target not found
Refreshing native plugins compatible for Editor in 0.55 ms, found 3 plugins.
Preloading 0 native plugins for Editor in 0.00 ms.
Mono: successfully reloaded assembly
- Completed reload, in  1.013 seconds
Domain Reload Profiling:
	ReloadAssembly (1014ms)
		BeginReloadAssembly (139ms)
			ExecutionOrderSort (0ms)
			DisableScriptedObjects (6ms)
			BackupInstance (0ms)
			ReleaseScriptingObjects (0ms)
			CreateAndSetChildDomain (38ms)
		EndReloadAssembly (775ms)
			LoadAssemblies (86ms)
			RebuildTransferFunctionScriptingTraits (0ms)
			SetupTypeCache (302ms)
			ReleaseScriptCaches (1ms)
			RebuildScriptCaches (42ms)
			SetupLoadedEditorAssemblies (305ms)
				LogAssemblyErrors (0ms)
				InitializePlatformSupportModulesInManaged (12ms)
				SetLoadedEditorAssemblies (0ms)
				RefreshPlugins (1ms)
				BeforeProcessingInitializeOnLoad (62ms)
				ProcessInitializeOnLoadAttributes (196ms)
				ProcessInitializeOnLoadMethodAttributes (27ms)
				AfterProcessingInitializeOnLoad (6ms)
				EditorAssembliesLoaded (0ms)
			ExecutionOrderSort2 (0ms)
			AwakeInstancesAfterBackupRestoration (6ms)
Platform modules already initialized, skipping
Refreshing native plugins compatible for Editor in 1.71 ms, found 3 plugins.
Preloading 0 native plugins for Editor in 0.00 ms.
Unloading 3360 Unused Serialized files (Serialized files now loaded: 0)
Unloading 19 unused Assets / (80.3 KB). Loaded Objects now: 3897.
Memory consumption went from 133.4 MB to 133.3 MB.
Total: 3.433600 ms (FindLiveObjects: 0.275900 ms CreateObjectMapping: 0.238700 ms MarkObjects: 2.829900 ms  DeleteObjects: 0.088200 ms)

AssetImportParameters requested are different than current active one (requested -> active):
  custom:video-decoder-ogg-theora: a1e56fd34408186e4bbccfd4996cb3dc -> 
  custom:container-muxer-webm: aa71ff27fc2769a1b78a27578f13a17b -> 
  custom:container-demuxer-webm: 4f35f7cbe854078d1ac9338744f61a02 -> 
  custom:video-encoder-webm-vp8: eb34c28f22e8b96e1ab97ce403110664 -> 
  custom:audio-encoder-webm-vorbis: bf7c407c2cedff20999df2af8eb42d56 -> 
  custom:framework-win-MediaFoundation: 216162199b28c13a410421893ffa2e32 -> 
  custom:container-demuxer-ogg: 62fdf1f143b41e24485cea50d1cbac27 -> 
  custom:video-decoder-webm-vp8: 9c59270c3fd7afecdb556c50c9e8de78 -> 
  custom:audio-decoder-ogg-vorbis: bf7c407c2cedff20999df2af8eb42d56 -> 
========================================================================
Received Import Request.
  Time since last request: 295.754560 seconds.
  path: Assets/scripts/CameraControl.cs
  artifactKey: Guid(ea60717dde84561469a23ecb6dce4dc5) Importer(815301076,1909f56bfc062723c751e8b465ee728b)
Start importing Assets/scripts/CameraControl.cs using Guid(ea60717dde84561469a23ecb6dce4dc5) Importer(815301076,1909f56bfc062723c751e8b465ee728b)  -> (artifact id: '082ae95ca291286b53da1e384609f77e') in 0.005371 seconds 
========================================================================
Received Prepare
Registering precompiled user dll's ...
Registered in 0.004791 seconds.
Begin MonoManager ReloadAssembly
Symbol file LoadedFromMemory doesn't match image C:\Users\Blackfang81\My project\Library\PackageCache\com.unity.visualscripting@1.7.6\Editor\VisualScripting.Core\Dependencies\YamlDotNet\Unity.VisualScripting.YamlDotNet.dll
Symbol file LoadedFromMemory doesn't match image C:\Users\Blackfang81\My project\Library\PackageCache\com.unity.visualscripting@1.7.6\Editor\VisualScripting.Core\Dependencies\DotNetZip\Unity.VisualScripting.IonicZip.dll
Native extension for WindowsStandalone target not found
Native extension for WebGL target not found
Refreshing native plugins compatible for Editor in 0.88 ms, found 3 plugins.
Preloading 0 native plugins for Editor in 0.00 ms.
Mono: successfully reloaded assembly
- Completed reload, in  1.160 seconds
Domain Reload Profiling:
	ReloadAssembly (1160ms)
		BeginReloadAssembly (137ms)
			ExecutionOrderSort (0ms)
			DisableScriptedObjects (6ms)
			BackupInstance (0ms)
			ReleaseScriptingObjects (0ms)
			CreateAndSetChildDomain (38ms)
		EndReloadAssembly (924ms)
			LoadAssemblies (82ms)
			RebuildTransferFunctionScriptingTraits (0ms)
			SetupTypeCache (317ms)
			ReleaseScriptCaches (2ms)
			RebuildScriptCaches (54ms)
			SetupLoadedEditorAssemblies (407ms)
				LogAssemblyErrors (0ms)
				InitializePlatformSupportModulesInManaged (17ms)
				SetLoadedEditorAssemblies (1ms)
				RefreshPlugins (1ms)
				BeforeProcessingInitializeOnLoad (82ms)
				ProcessInitializeOnLoadAttributes (267ms)
				ProcessInitializeOnLoadMethodAttributes (35ms)
				AfterProcessingInitializeOnLoad (6ms)
				EditorAssembliesLoaded (0ms)
			ExecutionOrderSort2 (0ms)
			AwakeInstancesAfterBackupRestoration (9ms)
Platform modules already initialized, skipping
Refreshing native plugins compatible for Editor in 1.98 ms, found 3 plugins.
Preloading 0 native plugins for Editor in 0.00 ms.
Unloading 3360 Unused Serialized files (Serialized files now loaded: 0)
Unloading 19 unused Assets / (80.2 KB). Loaded Objects now: 3900.
Memory consumption went from 133.4 MB to 133.3 MB.
Total: 3.192800 ms (FindLiveObjects: 0.301900 ms CreateObjectMapping: 0.190900 ms MarkObjects: 2.611700 ms  DeleteObjects: 0.087000 ms)

AssetImportParameters requested are different than current active one (requested -> active):
  custom:video-decoder-ogg-theora: a1e56fd34408186e4bbccfd4996cb3dc -> 
  custom:container-muxer-webm: aa71ff27fc2769a1b78a27578f13a17b -> 
  custom:container-demuxer-webm: 4f35f7cbe854078d1ac9338744f61a02 -> 
  custom:video-encoder-webm-vp8: eb34c28f22e8b96e1ab97ce403110664 -> 
  custom:audio-encoder-webm-vorbis: bf7c407c2cedff20999df2af8eb42d56 -> 
  custom:framework-win-MediaFoundation: 216162199b28c13a410421893ffa2e32 -> 
  custom:container-demuxer-ogg: 62fdf1f143b41e24485cea50d1cbac27 -> 
  custom:video-decoder-webm-vp8: 9c59270c3fd7afecdb556c50c9e8de78 -> 
  custom:audio-decoder-ogg-vorbis: bf7c407c2cedff20999df2af8eb42d56 -> 
========================================================================
Received Import Request.
  Time since last request: 574.776218 seconds.
  path: Assets/InfinitaStudio - Mountains/Textures/NewLayer.terrainlayer
  artifactKey: Guid(20878025a46282745b1507e34c4d12e2) Importer(815301076,1909f56bfc062723c751e8b465ee728b)
Start importing Assets/InfinitaStudio - Mountains/Textures/NewLayer.terrainlayer using Guid(20878025a46282745b1507e34c4d12e2) Importer(815301076,1909f56bfc062723c751e8b465ee728b)  -> (artifact id: '9dd0985b274212ff458cb850ac43dec0') in 0.069208 seconds 
========================================================================
Received Import Request.
  Time since last request: 193.883574 seconds.
  path: Assets/MedievalTownExteriors/Scenes
  artifactKey: Guid(1bdbcb354a78a6d40b4a11cab9bae8db) Importer(815301076,1909f56bfc062723c751e8b465ee728b)
Start importing Assets/MedievalTownExteriors/Scenes using Guid(1bdbcb354a78a6d40b4a11cab9bae8db) Importer(815301076,1909f56bfc062723c751e8b465ee728b)  -> (artifact id: 'eebd2cba2c75f630492762ed8a34a622') in 0.007259 seconds 
========================================================================
Received Import Request.
  Time since last request: 26.507406 seconds.
  path: Assets/MedievalTownExteriors/Terrain
  artifactKey: Guid(e19b8c444f4cee641b57d6b08489c906) Importer(815301076,1909f56bfc062723c751e8b465ee728b)
Start importing Assets/MedievalTownExteriors/Terrain using Guid(e19b8c444f4cee641b57d6b08489c906) Importer(815301076,1909f56bfc062723c751e8b465ee728b)  -> (artifact id: 'b2e6c97e0d708d37169eae8257f19888') in 0.006045 seconds 
========================================================================
Received Import Request.
  Time since last request: 72.093945 seconds.
  path: Assets/Default URP Assets/ExampleAssets/Models/brush_low.fbx
  artifactKey: Guid(aed8c47425ab91f4eb06ce6fe47c3e4e) Importer(815301076,1909f56bfc062723c751e8b465ee728b)
Start importing Assets/Default URP Assets/ExampleAssets/Models/brush_low.fbx using Guid(aed8c47425ab91f4eb06ce6fe47c3e4e) Importer(815301076,1909f56bfc062723c751e8b465ee728b)  -> (artifact id: '25a44c68243c3d56a749ff9ca21cb42f') in 0.130043 seconds 
========================================================================
Received Import Request.
  Time since last request: 2.396917 seconds.
  path: Assets/Default URP Assets/ExampleAssets/Prefabs/Construction Light Low.prefab
  artifactKey: Guid(bf0a225a9ff184f2789f3036faaa9150) Importer(815301076,1909f56bfc062723c751e8b465ee728b)
Start importing Assets/Default URP Assets/ExampleAssets/Prefabs/Construction Light Low.prefab using Guid(bf0a225a9ff184f2789f3036faaa9150) Importer(815301076,1909f56bfc062723c751e8b465ee728b)  -> (artifact id: '606f17a9f0f1f6a2ccf3f0679836cc29') in 0.016091 seconds 
========================================================================
Received Import Request.
  Time since last request: 0.220402 seconds.
  path: Assets/SkySeries Freebie/ExampleScenes/SceneObjects/DemoObjects.prefab
  artifactKey: Guid(88c20de6c1dc0f04abeaffaac0a9a6cf) Importer(815301076,1909f56bfc062723c751e8b465ee728b)
Start importing Assets/SkySeries Freebie/ExampleScenes/SceneObjects/DemoObjects.prefab using Guid(88c20de6c1dc0f04abeaffaac0a9a6cf) Importer(815301076,1909f56bfc062723c751e8b465ee728b)  -> (artifact id: '9cef73e45b8656edea14602e788a0393') in 0.015166 seconds 
========================================================================
Received Import Request.
  Time since last request: 0.341383 seconds.
  path: Assets/Darth_Artisan/Free_Trees/Meshes/Fir_Tree.fbx
  artifactKey: Guid(d7ad634caa1c049d49b730cc6d29c683) Importer(815301076,1909f56bfc062723c751e8b465ee728b)
Start importing Assets/Darth_Artisan/Free_Trees/Meshes/Fir_Tree.fbx using Guid(d7ad634caa1c049d49b730cc6d29c683) Importer(815301076,1909f56bfc062723c751e8b465ee728b)  -> (artifact id: 'ab35ea84441597f854661f6851817296') in 0.023081 seconds 
========================================================================
Received Import Request.
  Time since last request: 109.440159 seconds.
  path: Assets/Default URP Assets/ExampleAssets/Models/hammer_low.fbx
  artifactKey: Guid(68a66fb5a71f8204a8dcb613c97d1fa8) Importer(815301076,1909f56bfc062723c751e8b465ee728b)
Start importing Assets/Default URP Assets/ExampleAssets/Models/hammer_low.fbx using Guid(68a66fb5a71f8204a8dcb613c97d1fa8) Importer(815301076,1909f56bfc062723c751e8b465ee728b)  -> (artifact id: 'cc35fca332754f49fecb85f0105a674d') in 0.025300 seconds 
========================================================================
Received Import Request.
  Time since last request: 0.024476 seconds.
  path: Assets/Default URP Assets/ExampleAssets/Models/jigsaw_low.fbx
  artifactKey: Guid(8b73e8872ca76104bbca4ee2b704a1b4) Importer(815301076,1909f56bfc062723c751e8b465ee728b)
Start importing Assets/Default URP Assets/ExampleAssets/Models/jigsaw_low.fbx using Guid(8b73e8872ca76104bbca4ee2b704a1b4) Importer(815301076,1909f56bfc062723c751e8b465ee728b)  -> (artifact id: '8d08b915100da23567b4778dc0ab112f') in 0.023623 seconds 
========================================================================
Received Import Request.
  Time since last request: 94.430070 seconds.
  path: Assets/Default URP Assets/ExampleAssets/Models/magneticlevel_low.fbx
  artifactKey: Guid(bae110eee250e4b418b188f4ae4e3170) Importer(815301076,1909f56bfc062723c751e8b465ee728b)
Start importing Assets/Default URP Assets/ExampleAssets/Models/magneticlevel_low.fbx using Guid(bae110eee250e4b418b188f4ae4e3170) Importer(815301076,1909f56bfc062723c751e8b465ee728b)  -> (artifact id: '6441dec381ceceebe636aeb7a2eaf64c') in 0.260937 seconds 
========================================================================
Received Import Request.
  Time since last request: 0.050036 seconds.
  path: Assets/InfinitaStudio - Mountains/Prefabs/Fbx/mountain_canyon_01.prefab
  artifactKey: Guid(8d4ad672fe2bd3d45872cc5259ceb393) Importer(815301076,1909f56bfc062723c751e8b465ee728b)
Start importing Assets/InfinitaStudio - Mountains/Prefabs/Fbx/mountain_canyon_01.prefab using Guid(8d4ad672fe2bd3d45872cc5259ceb393) Importer(815301076,1909f56bfc062723c751e8b465ee728b)  -> (artifact id: 'bb644f11fed7cd0f7ce59d32876e9d42') in 0.036172 seconds 
========================================================================
Received Import Request.
  Time since last request: 1.020730 seconds.
  path: Assets/InfinitaStudio - Mountains/Prefabs/Obj/mountain_canyon_02.prefab
  artifactKey: Guid(b598827f1c446cd418f04b56aa829b8c) Importer(815301076,1909f56bfc062723c751e8b465ee728b)
Start importing Assets/InfinitaStudio - Mountains/Prefabs/Obj/mountain_canyon_02.prefab using Guid(b598827f1c446cd418f04b56aa829b8c) Importer(815301076,1909f56bfc062723c751e8b465ee728b)  -> (artifact id: 'a74b2c84eb8c822ff11cd36860f45c3a') in 0.043918 seconds 
========================================================================
Received Import Request.
  Time since last request: 2.090948 seconds.
  path: Assets/Darth_Artisan/Free_Trees/Meshes/Oak_Tree.fbx
  artifactKey: Guid(6d58037af810b4021ac921a71033e575) Importer(815301076,1909f56bfc062723c751e8b465ee728b)
Start importing Assets/Darth_Artisan/Free_Trees/Meshes/Oak_Tree.fbx using Guid(6d58037af810b4021ac921a71033e575) Importer(815301076,1909f56bfc062723c751e8b465ee728b)  -> (artifact id: 'f899c9ea770d140c225c3160a0355c1d') in 0.021405 seconds 
========================================================================
Received Import Request.
  Time since last request: 0.051268 seconds.
  path: Assets/Default URP Assets/ExampleAssets/Prefabs/Paint Supplies.prefab
  artifactKey: Guid(283e6530a665e4513959d1cd4883682f) Importer(815301076,1909f56bfc062723c751e8b465ee728b)
Start importing Assets/Default URP Assets/ExampleAssets/Prefabs/Paint Supplies.prefab using Guid(283e6530a665e4513959d1cd4883682f) Importer(815301076,1909f56bfc062723c751e8b465ee728b)  -> (artifact id: '26e97072c39261bae0e81bd33edc649c') in 0.019274 seconds 
========================================================================
Received Import Request.
  Time since last request: 0.176987 seconds.
  path: Assets/Default URP Assets/ExampleAssets/Models/paintbucket_low.fbx
  artifactKey: Guid(b451a052397f03c4f8a04d915d1c0492) Importer(815301076,1909f56bfc062723c751e8b465ee728b)
Start importing Assets/Default URP Assets/ExampleAssets/Models/paintbucket_low.fbx using Guid(b451a052397f03c4f8a04d915d1c0492) Importer(815301076,1909f56bfc062723c751e8b465ee728b)  -> (artifact id: '95289a23d0b736db99dde1770f65a6af') in 0.055984 seconds 
========================================================================
Received Import Request.
  Time since last request: 0.020429 seconds.
  path: Assets/Darth_Artisan/Free_Trees/Meshes/Palm_Tree.fbx
  artifactKey: Guid(1e50ef3048667495d90210b70c070c6b) Importer(815301076,1909f56bfc062723c751e8b465ee728b)
Start importing Assets/Darth_Artisan/Free_Trees/Meshes/Palm_Tree.fbx using Guid(1e50ef3048667495d90210b70c070c6b) Importer(815301076,1909f56bfc062723c751e8b465ee728b)  -> (artifact id: 'd3ef6bed86a7fb3ce640ba988084ac66') in 0.017022 seconds 
========================================================================
Received Import Request.
  Time since last request: 1.019013 seconds.
  path: Assets/Darth_Artisan/Free_Trees/Meshes/Poplar_Tree.fbx
  artifactKey: Guid(186ad8f063dbf430da4d56ebc0cb14e0) Importer(815301076,1909f56bfc062723c751e8b465ee728b)
Start importing Assets/Darth_Artisan/Free_Trees/Meshes/Poplar_Tree.fbx using Guid(186ad8f063dbf430da4d56ebc0cb14e0) Importer(815301076,1909f56bfc062723c751e8b465ee728b)  -> (artifact id: '55d03df60567c0f56548bc092bed5f59') in 0.017045 seconds 
========================================================================
Received Import Request.
  Time since last request: 0.036692 seconds.
  path: Assets/Default URP Assets/ExampleAssets/Prefabs/Props.prefab
  artifactKey: Guid(85dfab9623c67784fa7894de63cd1604) Importer(815301076,1909f56bfc062723c751e8b465ee728b)
Start importing Assets/Default URP Assets/ExampleAssets/Prefabs/Props.prefab using Guid(85dfab9623c67784fa7894de63cd1604) Importer(815301076,1909f56bfc062723c751e8b465ee728b)  -> (artifact id: '4ca232ff8a57e276c244860f83b2f40e') in 0.042006 seconds 
========================================================================
Received Import Request.
  Time since last request: 1.815951 seconds.
  path: Assets/Default URP Assets/ExampleAssets/Models/safetygoggles_low.fbx
  artifactKey: Guid(6296e48663fd7ad46b1a2af507f871cf) Importer(815301076,1909f56bfc062723c751e8b465ee728b)
Start importing Assets/Default URP Assets/ExampleAssets/Models/safetygoggles_low.fbx using Guid(6296e48663fd7ad46b1a2af507f871cf) Importer(815301076,1909f56bfc062723c751e8b465ee728b)  -> (artifact id: '8e7a3feafcfacf1ab8728eb8adc3864d') in 0.036516 seconds 
========================================================================
Received Import Request.
  Time since last request: 0.059448 seconds.
  path: Assets/Default URP Assets/ExampleAssets/Models/safetyhat_low.fbx
  artifactKey: Guid(9d0d902f71acfe646a46cb625f815a49) Importer(815301076,1909f56bfc062723c751e8b465ee728b)
Start importing Assets/Default URP Assets/ExampleAssets/Models/safetyhat_low.fbx using Guid(9d0d902f71acfe646a46cb625f815a49) Importer(815301076,1909f56bfc062723c751e8b465ee728b)  -> (artifact id: '15c6150eb6667fa9c4a81deb63046078') in 0.021401 seconds 
========================================================================
Received Import Request.
  Time since last request: 1.006429 seconds.
  path: Assets/Default URP Assets/ExampleAssets/Models/small_plane.fbx
  artifactKey: Guid(aeaee610429f51f44981e141eb2a3545) Importer(815301076,1909f56bfc062723c751e8b465ee728b)
Start importing Assets/Default URP Assets/ExampleAssets/Models/small_plane.fbx using Guid(aeaee610429f51f44981e141eb2a3545) Importer(815301076,1909f56bfc062723c751e8b465ee728b)  -> (artifact id: '7657545049e748f3567c2cd7f8f13a07') in 0.021256 seconds 
========================================================================
Received Import Request.
  Time since last request: 0.333406 seconds.
  path: Assets/Default URP Assets/ExampleAssets/Models/Stud.fbx
  artifactKey: Guid(34624edaccd9d704a95ed404d919b492) Importer(815301076,1909f56bfc062723c751e8b465ee728b)
Start importing Assets/Default URP Assets/ExampleAssets/Models/Stud.fbx using Guid(34624edaccd9d704a95ed404d919b492) Importer(815301076,1909f56bfc062723c751e8b465ee728b)  -> (artifact id: 'cba022b694d646e1b2dec7c95887aa4a') in 0.033370 seconds 
========================================================================
Received Import Request.
  Time since last request: 0.431785 seconds.
  path: Assets/Default URP Assets/ExampleAssets/Prefabs/Workbench.prefab
  artifactKey: Guid(8850d132797ff49298ba781e8e1c9bfe) Importer(815301076,1909f56bfc062723c751e8b465ee728b)
Start importing Assets/Default URP Assets/ExampleAssets/Prefabs/Workbench.prefab using Guid(8850d132797ff49298ba781e8e1c9bfe) Importer(815301076,1909f56bfc062723c751e8b465ee728b)  -> (artifact id: '4466e6e2de99e3ba53b6af194b2de88c') in 0.032428 seconds 
========================================================================
Received Import Request.
  Time since last request: 0.041065 seconds.
  path: Assets/Default URP Assets/ExampleAssets/Prefabs/Workbench_LOD0.prefab
  artifactKey: Guid(c0adcaeba3022437293536832628fdf8) Importer(815301076,1909f56bfc062723c751e8b465ee728b)
Start importing Assets/Default URP Assets/ExampleAssets/Prefabs/Workbench_LOD0.prefab using Guid(c0adcaeba3022437293536832628fdf8) Importer(815301076,1909f56bfc062723c751e8b465ee728b)  -> (artifact id: '8c07d9b71bbc56c007be431296d97784') in 0.017850 seconds 
========================================================================
Received Import Request.
  Time since last request: 0.102184 seconds.
  path: Assets/Default URP Assets/ExampleAssets/Models/Workbench_Low.fbx
  artifactKey: Guid(ff6dc36862fe41641bb21568d92147c9) Importer(815301076,1909f56bfc062723c751e8b465ee728b)
Start importing Assets/Default URP Assets/ExampleAssets/Models/Workbench_Low.fbx using Guid(ff6dc36862fe41641bb21568d92147c9) Importer(815301076,1909f56bfc062723c751e8b465ee728b)  -> (artifact id: 'd0d78571142b407e155b112119e1c2ae') in 0.089057 seconds 
========================================================================
Received Import Request.
  Time since last request: 0.428831 seconds.
  path: Assets/Default URP Assets/ExampleAssets/Models/Workshop_Set.fbx
  artifactKey: Guid(47616bd0cda748d4cbedcfc908506b9d) Importer(815301076,1909f56bfc062723c751e8b465ee728b)
Start importing Assets/Default URP Assets/ExampleAssets/Models/Workshop_Set.fbx using Guid(47616bd0cda748d4cbedcfc908506b9d) Importer(815301076,1909f56bfc062723c751e8b465ee728b)  -> (artifact id: '6b181d60f2ce43e34fec227268fc28e8') in 0.077127 seconds 
========================================================================
Received Prepare
Registering precompiled user dll's ...
Registered in 0.004825 seconds.
Begin MonoManager ReloadAssembly
Symbol file LoadedFromMemory doesn't match image C:\Users\Blackfang81\My project\Library\PackageCache\com.unity.visualscripting@1.7.6\Editor\VisualScripting.Core\Dependencies\YamlDotNet\Unity.VisualScripting.YamlDotNet.dll
Symbol file LoadedFromMemory doesn't match image C:\Users\Blackfang81\My project\Library\PackageCache\com.unity.visualscripting@1.7.6\Editor\VisualScripting.Core\Dependencies\DotNetZip\Unity.VisualScripting.IonicZip.dll
Native extension for WindowsStandalone target not found
Native extension for WebGL target not found
Refreshing native plugins compatible for Editor in 0.60 ms, found 3 plugins.
Preloading 0 native plugins for Editor in 0.00 ms.
Mono: successfully reloaded assembly
- Completed reload, in  1.012 seconds
Domain Reload Profiling:
	ReloadAssembly (1012ms)
		BeginReloadAssembly (139ms)
			ExecutionOrderSort (0ms)
			DisableScriptedObjects (5ms)
			BackupInstance (0ms)
			ReleaseScriptingObjects (0ms)
			CreateAndSetChildDomain (46ms)
		EndReloadAssembly (766ms)
			LoadAssemblies (82ms)
			RebuildTransferFunctionScriptingTraits (0ms)
			SetupTypeCache (267ms)
			ReleaseScriptCaches (1ms)
			RebuildScriptCaches (41ms)
			SetupLoadedEditorAssemblies (337ms)
				LogAssemblyErrors (0ms)
				InitializePlatformSupportModulesInManaged (13ms)
				SetLoadedEditorAssemblies (0ms)
				RefreshPlugins (1ms)
				BeforeProcessingInitializeOnLoad (69ms)
				ProcessInitializeOnLoadAttributes (219ms)
				ProcessInitializeOnLoadMethodAttributes (29ms)
				AfterProcessingInitializeOnLoad (6ms)
				EditorAssembliesLoaded (0ms)
			ExecutionOrderSort2 (0ms)
			AwakeInstancesAfterBackupRestoration (7ms)
Platform modules already initialized, skipping
Refreshing native plugins compatible for Editor in 1.76 ms, found 3 plugins.
Preloading 0 native plugins for Editor in 0.00 ms.
Unloading 3363 Unused Serialized files (Serialized files now loaded: 0)
Unloading 19 unused Assets / (80.2 KB). Loaded Objects now: 3912.
Memory consumption went from 133.8 MB to 133.7 MB.
Total: 3.754700 ms (FindLiveObjects: 0.288600 ms CreateObjectMapping: 0.176900 ms MarkObjects: 3.183900 ms  DeleteObjects: 0.104200 ms)

AssetImportParameters requested are different than current active one (requested -> active):
  custom:video-decoder-ogg-theora: a1e56fd34408186e4bbccfd4996cb3dc -> 
  custom:container-muxer-webm: aa71ff27fc2769a1b78a27578f13a17b -> 
  custom:container-demuxer-webm: 4f35f7cbe854078d1ac9338744f61a02 -> 
  custom:video-encoder-webm-vp8: eb34c28f22e8b96e1ab97ce403110664 -> 
  custom:audio-encoder-webm-vorbis: bf7c407c2cedff20999df2af8eb42d56 -> 
  custom:framework-win-MediaFoundation: 216162199b28c13a410421893ffa2e32 -> 
  custom:container-demuxer-ogg: 62fdf1f143b41e24485cea50d1cbac27 -> 
  custom:video-decoder-webm-vp8: 9c59270c3fd7afecdb556c50c9e8de78 -> 
  custom:audio-decoder-ogg-vorbis: bf7c407c2cedff20999df2af8eb42d56 -> 
========================================================================
Received Import Request.
  Time since last request: 316.504722 seconds.
  path: Assets/Stylized Grass Texture/Materials/Stylize_Grass.mat
  artifactKey: Guid(5d8af8f434f69794eabd684fb44b4fbf) Importer(815301076,1909f56bfc062723c751e8b465ee728b)
Start importing Assets/Stylized Grass Texture/Materials/Stylize_Grass.mat using Guid(5d8af8f434f69794eabd684fb44b4fbf) Importer(815301076,1909f56bfc062723c751e8b465ee728b)  -> (artifact id: '817f5d0545d4a1f9e4e67c815ad3b9d4') in 0.366425 seconds 
========================================================================
Received Import Request.
  Time since last request: 14.925930 seconds.
  path: Assets/Darth_Artisan/Free_Trees/Meshes/Fir_Tree.fbx
  artifactKey: Guid(d7ad634caa1c049d49b730cc6d29c683) Importer(815301076,1909f56bfc062723c751e8b465ee728b)
Start importing Assets/Darth_Artisan/Free_Trees/Meshes/Fir_Tree.fbx using Guid(d7ad634caa1c049d49b730cc6d29c683) Importer(815301076,1909f56bfc062723c751e8b465ee728b)  -> (artifact id: 'd49d4121b8b8f0a060bd9103268f9e3e') in 0.043838 seconds 
========================================================================
Received Import Request.
  Time since last request: 10.884842 seconds.
  path: Assets/Darth_Artisan/Free_Trees/Meshes/Palm_Tree.fbx
  artifactKey: Guid(1e50ef3048667495d90210b70c070c6b) Importer(815301076,1909f56bfc062723c751e8b465ee728b)
Start importing Assets/Darth_Artisan/Free_Trees/Meshes/Palm_Tree.fbx using Guid(1e50ef3048667495d90210b70c070c6b) Importer(815301076,1909f56bfc062723c751e8b465ee728b)  -> (artifact id: '6d3097134fc43f7f12ab507926107d71') in 0.022203 seconds 
========================================================================
Received Import Request.
  Time since last request: 9.769078 seconds.
  path: Assets/HDRP_Oak_Tree/Scenes
  artifactKey: Guid(bac772b99128af74fa26a1631555fa68) Importer(815301076,1909f56bfc062723c751e8b465ee728b)
Start importing Assets/HDRP_Oak_Tree/Scenes using Guid(bac772b99128af74fa26a1631555fa68) Importer(815301076,1909f56bfc062723c751e8b465ee728b)  -> (artifact id: '56fc119320d6c013d06ca5ce580434a8') in 0.002908 seconds 
========================================================================
Received Import Request.
  Time since last request: 1.282939 seconds.
  path: Assets/HDRP_Oak_Tree/Scenes/HDRP_TreePack1
  artifactKey: Guid(180a6dbb41cdf3c46bdeb3bbe57b5575) Importer(815301076,1909f56bfc062723c751e8b465ee728b)
Start importing Assets/HDRP_Oak_Tree/Scenes/HDRP_TreePack1 using Guid(180a6dbb41cdf3c46bdeb3bbe57b5575) Importer(815301076,1909f56bfc062723c751e8b465ee728b)  -> (artifact id: 'f3b16534f90ea2673805a8ae640fc604') in 0.005674 seconds 
========================================================================
Received Import Request.
  Time since last request: 0.062219 seconds.
  path: Assets/HDRP_Oak_Tree/Scenes/HDRP_TreePack1/Global Volume Profile.asset
  artifactKey: Guid(be239c4908198f24da3f4d211152bbc3) Importer(815301076,1909f56bfc062723c751e8b465ee728b)
Start importing Assets/HDRP_Oak_Tree/Scenes/HDRP_TreePack1/Global Volume Profile.asset using Guid(be239c4908198f24da3f4d211152bbc3) Importer(815301076,1909f56bfc062723c751e8b465ee728b)  -> (artifact id: '3eaf74c79dd5b961000092bc4622444b') in 0.005691 seconds 
========================================================================
Received Import Request.
  Time since last request: 5.983949 seconds.
  path: Assets/HDRP_Oak_Tree/Models
  artifactKey: Guid(36b464dad7183e549ad28bf7bb26467a) Importer(815301076,1909f56bfc062723c751e8b465ee728b)
Start importing Assets/HDRP_Oak_Tree/Models using Guid(36b464dad7183e549ad28bf7bb26467a) Importer(815301076,1909f56bfc062723c751e8b465ee728b)  -> (artifact id: '308c83480ece79ef84dfd9f15fd28cb9') in 0.006131 seconds 
========================================================================
Received Import Request.
  Time since last request: 0.911004 seconds.
  path: Assets/HDRP_Oak_Tree/Models/Oak
  artifactKey: Guid(981ad9933599ec74db02829c349244a1) Importer(815301076,1909f56bfc062723c751e8b465ee728b)
Start importing Assets/HDRP_Oak_Tree/Models/Oak using Guid(981ad9933599ec74db02829c349244a1) Importer(815301076,1909f56bfc062723c751e8b465ee728b)  -> (artifact id: '12258aad65d5d9ed67347802b53fff91') in 0.005725 seconds 
========================================================================
Received Import Request.
  Time since last request: 0.106112 seconds.
  path: Assets/HDRP_Oak_Tree/Models/Oak/Oak_1_1.fbx
  artifactKey: Guid(a8c0d55dcc3a0464190ad0e568ab5a25) Importer(815301076,1909f56bfc062723c751e8b465ee728b)
Start importing Assets/HDRP_Oak_Tree/Models/Oak/Oak_1_1.fbx using Guid(a8c0d55dcc3a0464190ad0e568ab5a25) Importer(815301076,1909f56bfc062723c751e8b465ee728b)  -> (artifact id: '5669950c8cd0bf57d540dff4aa9ad59c') in 0.047066 seconds 
========================================================================
Received Import Request.
  Time since last request: 0.000040 seconds.
  path: Assets/HDRP_Oak_Tree/Models/Oak/Oak_1_3.fbx
  artifactKey: Guid(75fe2d13c7926c14aae14bdd6f7822d1) Importer(815301076,1909f56bfc062723c751e8b465ee728b)
Start importing Assets/HDRP_Oak_Tree/Models/Oak/Oak_1_3.fbx using Guid(75fe2d13c7926c14aae14bdd6f7822d1) Importer(815301076,1909f56bfc062723c751e8b465ee728b)  -> (artifact id: '66f5be1da8f4526df9b278df2743a1bf') in 0.037457 seconds 
========================================================================
Received Import Request.
  Time since last request: 0.000020 seconds.
  path: Assets/HDRP_Oak_Tree/Models/Oak/Oak_1_5.fbx
  artifactKey: Guid(5b2c75249d8cf924f8eed16cc0b174c8) Importer(815301076,1909f56bfc062723c751e8b465ee728b)
Start importing Assets/HDRP_Oak_Tree/Models/Oak/Oak_1_5.fbx using Guid(5b2c75249d8cf924f8eed16cc0b174c8) Importer(815301076,1909f56bfc062723c751e8b465ee728b)  -> (artifact id: 'af6c6f8154431103760a1e6b0b0b9565') in 0.030129 seconds 
========================================================================
Received Import Request.
  Time since last request: 9.756006 seconds.
  path: Assets/HDRP_Oak_Tree/Models/Oak/Materials/Leafs_Oak.mat
  artifactKey: Guid(6666e645c477eae4a9560d68cf271d9d) Importer(815301076,1909f56bfc062723c751e8b465ee728b)
Start importing Assets/HDRP_Oak_Tree/Models/Oak/Materials/Leafs_Oak.mat using Guid(6666e645c477eae4a9560d68cf271d9d) Importer(815301076,1909f56bfc062723c751e8b465ee728b)  -> (artifact id: '1d7ee322cb4f67d1912b4028b9833519') in 0.013707 seconds 
========================================================================
Received Import Request.
  Time since last request: 21.646201 seconds.
  path: Assets/HDRP_Oak_Tree/Prefabs/Oak_high_1_2.prefab
  artifactKey: Guid(78de3af7ba376e0438633c337c9dcec9) Importer(815301076,1909f56bfc062723c751e8b465ee728b)
Start importing Assets/HDRP_Oak_Tree/Prefabs/Oak_high_1_2.prefab using Guid(78de3af7ba376e0438633c337c9dcec9) Importer(815301076,1909f56bfc062723c751e8b465ee728b)  -> (artifact id: '90282bdf10f3f784a19ae5cadc1fb0a2') in 0.038767 seconds 
========================================================================
Received Import Request.
  Time since last request: 0.000025 seconds.
  path: Assets/HDRP_Oak_Tree/Prefabs/Oak_high_1_4.prefab
  artifactKey: Guid(2fcd09d4ddfdd9541b7d59c206f010cd) Importer(815301076,1909f56bfc062723c751e8b465ee728b)
Start importing Assets/HDRP_Oak_Tree/Prefabs/Oak_high_1_4.prefab using Guid(2fcd09d4ddfdd9541b7d59c206f010cd) Importer(815301076,1909f56bfc062723c751e8b465ee728b)  -> (artifact id: 'ad15634335d230a346d5b52265022a4b') in 0.029208 seconds 
========================================================================
Received Prepare
Registering precompiled user dll's ...
Registered in 0.005555 seconds.
Begin MonoManager ReloadAssembly
Symbol file LoadedFromMemory doesn't match image C:\Users\Blackfang81\My project\Library\PackageCache\com.unity.visualscripting@1.7.6\Editor\VisualScripting.Core\Dependencies\YamlDotNet\Unity.VisualScripting.YamlDotNet.dll
Symbol file LoadedFromMemory doesn't match image C:\Users\Blackfang81\My project\Library\PackageCache\com.unity.visualscripting@1.7.6\Editor\VisualScripting.Core\Dependencies\DotNetZip\Unity.VisualScripting.IonicZip.dll
Native extension for WindowsStandalone target not found
Native extension for WebGL target not found
Refreshing native plugins compatible for Editor in 0.67 ms, found 3 plugins.
Preloading 0 native plugins for Editor in 0.00 ms.
Mono: successfully reloaded assembly
- Completed reload, in  1.140 seconds
Domain Reload Profiling:
	ReloadAssembly (1141ms)
		BeginReloadAssembly (131ms)
			ExecutionOrderSort (0ms)
			DisableScriptedObjects (4ms)
			BackupInstance (0ms)
			ReleaseScriptingObjects (0ms)
			CreateAndSetChildDomain (41ms)
		EndReloadAssembly (907ms)
			LoadAssemblies (76ms)
			RebuildTransferFunctionScriptingTraits (0ms)
			SetupTypeCache (319ms)
			ReleaseScriptCaches (2ms)
			RebuildScriptCaches (50ms)
			SetupLoadedEditorAssemblies (406ms)
				LogAssemblyErrors (0ms)
				InitializePlatformSupportModulesInManaged (16ms)
				SetLoadedEditorAssemblies (0ms)
				RefreshPlugins (1ms)
				BeforeProcessingInitializeOnLoad (73ms)
				ProcessInitializeOnLoadAttributes (281ms)
				ProcessInitializeOnLoadMethodAttributes (30ms)
				AfterProcessingInitializeOnLoad (6ms)
				EditorAssembliesLoaded (0ms)
			ExecutionOrderSort2 (0ms)
			AwakeInstancesAfterBackupRestoration (7ms)
Platform modules already initialized, skipping
Refreshing native plugins compatible for Editor in 3.02 ms, found 3 plugins.
Preloading 0 native plugins for Editor in 0.00 ms.
Unloading 3363 Unused Serialized files (Serialized files now loaded: 0)
Unloading 19 unused Assets / (80.5 KB). Loaded Objects now: 3916.
Memory consumption went from 134.2 MB to 134.1 MB.
Total: 3.425300 ms (FindLiveObjects: 0.338200 ms CreateObjectMapping: 0.240100 ms MarkObjects: 2.724100 ms  DeleteObjects: 0.121500 ms)

AssetImportParameters requested are different than current active one (requested -> active):
  custom:video-decoder-ogg-theora: a1e56fd34408186e4bbccfd4996cb3dc -> 
  custom:container-muxer-webm: aa71ff27fc2769a1b78a27578f13a17b -> 
  custom:container-demuxer-webm: 4f35f7cbe854078d1ac9338744f61a02 -> 
  custom:video-encoder-webm-vp8: eb34c28f22e8b96e1ab97ce403110664 -> 
  custom:audio-encoder-webm-vorbis: bf7c407c2cedff20999df2af8eb42d56 -> 
  custom:framework-win-MediaFoundation: 216162199b28c13a410421893ffa2e32 -> 
  custom:container-demuxer-ogg: 62fdf1f143b41e24485cea50d1cbac27 -> 
  custom:video-decoder-webm-vp8: 9c59270c3fd7afecdb556c50c9e8de78 -> 
  custom:audio-decoder-ogg-vorbis: bf7c407c2cedff20999df2af8eb42d56 -> 
