Using pre-set license
Built from '2021.3/staging' branch; Version is '2021.3.2f1 (d6360bedb9a0) revision 14038539'; Using compiler version '192829333'; Build Type 'Release'
OS: 'Windows 11  (10.0.22000) 64bit Core' Language: 'en' Physical Memory: 16295 MB
BatchMode: 1, IsHumanControllingUs: 0, StartBugReporterOnCrash: 0, Is64bit: 1, IsPro: 1

COMMAND LINE ARGUMENTS:
C:\Program Files\Unity\Hub\Editor\2021.3.2f1\Editor\Unity.exe
-adb2
-batchMode
-noUpm
-name
AssetImportWorker2
-projectPath
C:/Users/Blackfang81/My project
-logFile
Logs/AssetImportWorker2.log
-srvPort
49378
Successfully changed project path to: C:/Users/Blackfang81/My project
C:/Users/Blackfang81/My project
[UnityMemory] Configuration Parameters - Can be set up in boot.config
    "memorysetup-bucket-allocator-granularity=16"
    "memorysetup-bucket-allocator-bucket-count=8"
    "memorysetup-bucket-allocator-block-size=33554432"
    "memorysetup-bucket-allocator-block-count=8"
    "memorysetup-main-allocator-block-size=16777216"
    "memorysetup-thread-allocator-block-size=16777216"
    "memorysetup-gfx-main-allocator-block-size=16777216"
    "memorysetup-gfx-thread-allocator-block-size=16777216"
    "memorysetup-cache-allocator-block-size=4194304"
    "memorysetup-typetree-allocator-block-size=2097152"
    "memorysetup-profiler-bucket-allocator-granularity=16"
    "memorysetup-profiler-bucket-allocator-bucket-count=8"
    "memorysetup-profiler-bucket-allocator-block-size=33554432"
    "memorysetup-profiler-bucket-allocator-block-count=8"
    "memorysetup-profiler-allocator-block-size=16777216"
    "memorysetup-profiler-editor-allocator-block-size=1048576"
    "memorysetup-temp-allocator-size-main=16777216"
    "memorysetup-job-temp-allocator-block-size=2097152"
    "memorysetup-job-temp-allocator-block-size-background=1048576"
    "memorysetup-job-temp-allocator-reduction-small-platforms=262144"
    "memorysetup-temp-allocator-size-background-worker=32768"
    "memorysetup-temp-allocator-size-job-worker=262144"
    "memorysetup-temp-allocator-size-preload-manager=33554432"
    "memorysetup-temp-allocator-size-nav-mesh-worker=65536"
    "memorysetup-temp-allocator-size-audio-worker=65536"
    "memorysetup-temp-allocator-size-cloud-worker=32768"
    "memorysetup-temp-allocator-size-gi-baking-worker=262144"
    "memorysetup-temp-allocator-size-gfx=262144"
Refreshing native plugins compatible for Editor in 93.91 ms, found 3 plugins.
Preloading 0 native plugins for Editor in 0.00 ms.
Initialize engine version: 2021.3.2f1 (d6360bedb9a0)
[Subsystems] Discovering subsystems at path C:/Program Files/Unity/Hub/Editor/2021.3.2f1/Editor/Data/Resources/UnitySubsystems
[Subsystems] Discovering subsystems at path C:/Users/Blackfang81/My project/Assets
GfxDevice: creating device client; threaded=0; jobified=0
Direct3D:
    Version:  Direct3D 11.0 [level 11.1]
    Renderer: NVIDIA GeForce GTX 1070 (ID=0x1be1)
    Vendor:   NVIDIA
    VRAM:     8082 MB
    Driver:   30.0.14.7141
Initialize mono
Mono path[0] = 'C:/Program Files/Unity/Hub/Editor/2021.3.2f1/Editor/Data/Managed'
Mono path[1] = 'C:/Program Files/Unity/Hub/Editor/2021.3.2f1/Editor/Data/MonoBleedingEdge/lib/mono/unityjit-win32'
Mono config path = 'C:/Program Files/Unity/Hub/Editor/2021.3.2f1/Editor/Data/MonoBleedingEdge/etc'
Using monoOptions --debugger-agent=transport=dt_socket,embedding=1,server=y,suspend=n,address=127.0.0.1:56448
Begin MonoManager ReloadAssembly
Registering precompiled unity dll's ...
Register platform support module: C:/Program Files/Unity/Hub/Editor/2021.3.2f1/Editor/Data/PlaybackEngines/WebGLSupport/UnityEditor.WebGL.Extensions.dll
Register platform support module: C:/Program Files/Unity/Hub/Editor/2021.3.2f1/Editor/Data/PlaybackEngines/WindowsStandaloneSupport/UnityEditor.WindowsStandalone.Extensions.dll
Registered in 0.005519 seconds.
Native extension for WindowsStandalone target not found
Native extension for WebGL target not found
Refreshing native plugins compatible for Editor in 87.03 ms, found 3 plugins.
Preloading 0 native plugins for Editor in 0.00 ms.
Mono: successfully reloaded assembly
- Completed reload, in  0.703 seconds
Domain Reload Profiling:
	ReloadAssembly (704ms)
		BeginReloadAssembly (85ms)
			ExecutionOrderSort (0ms)
			DisableScriptedObjects (0ms)
			BackupInstance (0ms)
			ReleaseScriptingObjects (0ms)
			CreateAndSetChildDomain (1ms)
		EndReloadAssembly (496ms)
			LoadAssemblies (83ms)
			RebuildTransferFunctionScriptingTraits (0ms)
			SetupTypeCache (112ms)
			ReleaseScriptCaches (0ms)
			RebuildScriptCaches (31ms)
			SetupLoadedEditorAssemblies (298ms)
				LogAssemblyErrors (0ms)
				InitializePlatformSupportModulesInManaged (8ms)
				SetLoadedEditorAssemblies (0ms)
				RefreshPlugins (87ms)
				BeforeProcessingInitializeOnLoad (2ms)
				ProcessInitializeOnLoadAttributes (150ms)
				ProcessInitializeOnLoadMethodAttributes (51ms)
				AfterProcessingInitializeOnLoad (0ms)
				EditorAssembliesLoaded (0ms)
			ExecutionOrderSort2 (0ms)
			AwakeInstancesAfterBackupRestoration (0ms)
Platform modules already initialized, skipping
Registering precompiled user dll's ...
Registered in 0.005558 seconds.
Begin MonoManager ReloadAssembly
Symbol file LoadedFromMemory doesn't match image C:\Users\Blackfang81\My project\Library\PackageCache\com.unity.visualscripting@1.7.6\Editor\VisualScripting.Core\Dependencies\YamlDotNet\Unity.VisualScripting.YamlDotNet.dll
Symbol file LoadedFromMemory doesn't match image C:\Users\Blackfang81\My project\Library\PackageCache\com.unity.visualscripting@1.7.6\Editor\VisualScripting.Core\Dependencies\DotNetZip\Unity.VisualScripting.IonicZip.dll
Native extension for WindowsStandalone target not found
Native extension for WebGL target not found
Refreshing native plugins compatible for Editor in 0.72 ms, found 3 plugins.
Preloading 0 native plugins for Editor in 0.00 ms.
Mono: successfully reloaded assembly
- Completed reload, in  1.150 seconds
Domain Reload Profiling:
	ReloadAssembly (1151ms)
		BeginReloadAssembly (128ms)
			ExecutionOrderSort (0ms)
			DisableScriptedObjects (6ms)
			BackupInstance (0ms)
			ReleaseScriptingObjects (0ms)
			CreateAndSetChildDomain (25ms)
		EndReloadAssembly (900ms)
			LoadAssemblies (96ms)
			RebuildTransferFunctionScriptingTraits (0ms)
			SetupTypeCache (302ms)
			ReleaseScriptCaches (1ms)
			RebuildScriptCaches (53ms)
			SetupLoadedEditorAssemblies (416ms)
				LogAssemblyErrors (0ms)
				InitializePlatformSupportModulesInManaged (6ms)
				SetLoadedEditorAssemblies (0ms)
				RefreshPlugins (1ms)
				BeforeProcessingInitializeOnLoad (95ms)
				ProcessInitializeOnLoadAttributes (277ms)
				ProcessInitializeOnLoadMethodAttributes (29ms)
				AfterProcessingInitializeOnLoad (7ms)
				EditorAssembliesLoaded (0ms)
			ExecutionOrderSort2 (0ms)
			AwakeInstancesAfterBackupRestoration (7ms)
Platform modules already initialized, skipping
========================================================================
Worker process is ready to serve import requests
Launched and connected shader compiler UnityShaderCompiler.exe after 0.09 seconds
Refreshing native plugins compatible for Editor in 1.72 ms, found 3 plugins.
Preloading 0 native plugins for Editor in 0.00 ms.
Unloading 3419 Unused Serialized files (Serialized files now loaded: 0)
Unloading 24 unused Assets / (56.5 KB). Loaded Objects now: 3902.
Memory consumption went from 134.9 MB to 134.9 MB.
Total: 6.121300 ms (FindLiveObjects: 0.541200 ms CreateObjectMapping: 0.585100 ms MarkObjects: 4.863900 ms  DeleteObjects: 0.128900 ms)

AssetImportParameters requested are different than current active one (requested -> active):
  custom:video-decoder-ogg-theora: a1e56fd34408186e4bbccfd4996cb3dc -> 
  custom:container-muxer-webm: aa71ff27fc2769a1b78a27578f13a17b -> 
  custom:container-demuxer-webm: 4f35f7cbe854078d1ac9338744f61a02 -> 
  custom:video-encoder-webm-vp8: eb34c28f22e8b96e1ab97ce403110664 -> 
  custom:audio-encoder-webm-vorbis: bf7c407c2cedff20999df2af8eb42d56 -> 
  custom:framework-win-MediaFoundation: 216162199b28c13a410421893ffa2e32 -> 
  custom:container-demuxer-ogg: 62fdf1f143b41e24485cea50d1cbac27 -> 
  custom:video-decoder-webm-vp8: 9c59270c3fd7afecdb556c50c9e8de78 -> 
  custom:audio-decoder-ogg-vorbis: bf7c407c2cedff20999df2af8eb42d56 -> 
========================================================================
Received Import Request.
  Time since last request: 6500.387780 seconds.
  path: Assets/Dark_Brown_GUI_kit/bar/big/big_circle_bar0.png
  artifactKey: Guid(6eee6340a63b4d34e9ca211124060bf6) Importer(815301076,1909f56bfc062723c751e8b465ee728b)
Start importing Assets/Dark_Brown_GUI_kit/bar/big/big_circle_bar0.png using Guid(6eee6340a63b4d34e9ca211124060bf6) Importer(815301076,1909f56bfc062723c751e8b465ee728b)  -> (artifact id: '244fd9afbc8b366a09311699506d1e3f') in 0.256634 seconds 
========================================================================
Received Import Request.
  Time since last request: 0.000031 seconds.
  path: Assets/Dark_Brown_GUI_kit/frame/big/big_frame.png
  artifactKey: Guid(fd49cf9d1578d484d9c85875826ba4cc) Importer(815301076,1909f56bfc062723c751e8b465ee728b)
Start importing Assets/Dark_Brown_GUI_kit/frame/big/big_frame.png using Guid(fd49cf9d1578d484d9c85875826ba4cc) Importer(815301076,1909f56bfc062723c751e8b465ee728b)  -> (artifact id: '9f7e66a5e19528c5c090234de62c4acc') in 0.144046 seconds 
========================================================================
Received Import Request.
  Time since last request: 0.000049 seconds.
  path: Assets/Dark_Brown_GUI_kit/icon/full_simple/numbers/1.png
  artifactKey: Guid(af88e637281e9a548aa31d1cb76a0486) Importer(815301076,1909f56bfc062723c751e8b465ee728b)
Start importing Assets/Dark_Brown_GUI_kit/icon/full_simple/numbers/1.png using Guid(af88e637281e9a548aa31d1cb76a0486) Importer(815301076,1909f56bfc062723c751e8b465ee728b)  -> (artifact id: 'a70350585ece8d6232a6a33d8801bf52') in 0.021982 seconds 
========================================================================
Received Import Request.
  Time since last request: 0.000027 seconds.
  path: Assets/Dark_Brown_GUI_kit/background/big/big_dark_background0.png
  artifactKey: Guid(206bfb37d1cbb674297dd75f983ad530) Importer(815301076,1909f56bfc062723c751e8b465ee728b)
Start importing Assets/Dark_Brown_GUI_kit/background/big/big_dark_background0.png using Guid(206bfb37d1cbb674297dd75f983ad530) Importer(815301076,1909f56bfc062723c751e8b465ee728b)  -> (artifact id: '97afe8fe75b35aba448e88eb7d868a81') in 0.150962 seconds 
========================================================================
Received Import Request.
  Time since last request: 0.000042 seconds.
  path: Assets/Dark_Brown_GUI_kit/icon/simple/check.png
  artifactKey: Guid(ec460df3a2f21e14b95b8064cd230cfc) Importer(815301076,1909f56bfc062723c751e8b465ee728b)
Start importing Assets/Dark_Brown_GUI_kit/icon/simple/check.png using Guid(ec460df3a2f21e14b95b8064cd230cfc) Importer(815301076,1909f56bfc062723c751e8b465ee728b)  -> (artifact id: '955e8557930775b4e42b3cacdcbc49a2') in 0.021936 seconds 
========================================================================
Received Import Request.
  Time since last request: 0.000030 seconds.
  path: Assets/Dark_Brown_GUI_kit/icon/simple/back.png
  artifactKey: Guid(5fe31245dfaff3b48ad752c581fe71b3) Importer(815301076,1909f56bfc062723c751e8b465ee728b)
Start importing Assets/Dark_Brown_GUI_kit/icon/simple/back.png using Guid(5fe31245dfaff3b48ad752c581fe71b3) Importer(815301076,1909f56bfc062723c751e8b465ee728b)  -> (artifact id: '4a5ba92c1c127124b56e286002dad823') in 0.023117 seconds 
========================================================================
Received Import Request.
  Time since last request: 0.000028 seconds.
  path: Assets/Dark_Brown_GUI_kit/icon/simple/coins.png
  artifactKey: Guid(9b6afb766887a9d45ad6a7b2c466974e) Importer(815301076,1909f56bfc062723c751e8b465ee728b)
Start importing Assets/Dark_Brown_GUI_kit/icon/simple/coins.png using Guid(9b6afb766887a9d45ad6a7b2c466974e) Importer(815301076,1909f56bfc062723c751e8b465ee728b)  -> (artifact id: '301488f7fd0a5e72fbc21dd70784ea38') in 0.023432 seconds 
========================================================================
Received Import Request.
  Time since last request: 0.000025 seconds.
  path: Assets/Dark_Brown_GUI_kit/icon/full_simple/numbers/4.png
  artifactKey: Guid(aa9220a4630dfef45adbd0c6f1be9d0a) Importer(815301076,1909f56bfc062723c751e8b465ee728b)
Start importing Assets/Dark_Brown_GUI_kit/icon/full_simple/numbers/4.png using Guid(aa9220a4630dfef45adbd0c6f1be9d0a) Importer(815301076,1909f56bfc062723c751e8b465ee728b)  -> (artifact id: 'b4f7936387075614106a1faaff17612d') in 0.021819 seconds 
========================================================================
Received Import Request.
  Time since last request: 0.000021 seconds.
  path: Assets/Dark_Brown_GUI_kit/icon/full_simple/door-.png
  artifactKey: Guid(fffbc75ac04539545889dd731ada53fa) Importer(815301076,1909f56bfc062723c751e8b465ee728b)
Start importing Assets/Dark_Brown_GUI_kit/icon/full_simple/door-.png using Guid(fffbc75ac04539545889dd731ada53fa) Importer(815301076,1909f56bfc062723c751e8b465ee728b)  -> (artifact id: '8b30f53543f54b6d9b012218e3972d6d') in 0.025717 seconds 
========================================================================
Received Import Request.
  Time since last request: 0.000053 seconds.
  path: Assets/Dark_Brown_GUI_kit/frame/other/button_frame.png
  artifactKey: Guid(e4fc4a2033af46a408e5833289c92ec1) Importer(815301076,1909f56bfc062723c751e8b465ee728b)
Start importing Assets/Dark_Brown_GUI_kit/frame/other/button_frame.png using Guid(e4fc4a2033af46a408e5833289c92ec1) Importer(815301076,1909f56bfc062723c751e8b465ee728b)  -> (artifact id: '5bb24b46f39c54cff234e48ea85ccfee') in 0.026746 seconds 
========================================================================
Received Import Request.
  Time since last request: 0.000030 seconds.
  path: Assets/Dark_Brown_GUI_kit/skill_icon/dark/dark_wind.png
  artifactKey: Guid(63505779c3342bf44a7d398d4d3f5c88) Importer(815301076,1909f56bfc062723c751e8b465ee728b)
Start importing Assets/Dark_Brown_GUI_kit/skill_icon/dark/dark_wind.png using Guid(63505779c3342bf44a7d398d4d3f5c88) Importer(815301076,1909f56bfc062723c751e8b465ee728b)  -> (artifact id: 'f33a0934e62c44e163c65b1f7e2b5a15') in 0.029799 seconds 
========================================================================
Received Import Request.
  Time since last request: 0.000016 seconds.
  path: Assets/Dark_Brown_GUI_kit/icon/simple/download.png
  artifactKey: Guid(49c7f41dc6867664288bbb855dc31fe3) Importer(815301076,1909f56bfc062723c751e8b465ee728b)
Start importing Assets/Dark_Brown_GUI_kit/icon/simple/download.png using Guid(49c7f41dc6867664288bbb855dc31fe3) Importer(815301076,1909f56bfc062723c751e8b465ee728b)  -> (artifact id: '22e6b0c041e29ed45f2e34f729175545') in 0.019037 seconds 
========================================================================
Received Import Request.
  Time since last request: 0.000049 seconds.
  path: Assets/Dark_Brown_GUI_kit/icon/full_simple/numbers/8.png
  artifactKey: Guid(26e3aeab4dc4e5343b4b40a99f2b5c0f) Importer(815301076,1909f56bfc062723c751e8b465ee728b)
Start importing Assets/Dark_Brown_GUI_kit/icon/full_simple/numbers/8.png using Guid(26e3aeab4dc4e5343b4b40a99f2b5c0f) Importer(815301076,1909f56bfc062723c751e8b465ee728b)  -> (artifact id: '5b76af4ca1d3c5b2a649558e68cab190') in 0.025693 seconds 
========================================================================
Received Import Request.
  Time since last request: 0.000029 seconds.
  path: Assets/Dark_Brown_GUI_kit/icon/full_simple/numbers/5.png
  artifactKey: Guid(8ad5b66611fa4b9419df448ff4163468) Importer(815301076,1909f56bfc062723c751e8b465ee728b)
Start importing Assets/Dark_Brown_GUI_kit/icon/full_simple/numbers/5.png using Guid(8ad5b66611fa4b9419df448ff4163468) Importer(815301076,1909f56bfc062723c751e8b465ee728b)  -> (artifact id: 'b1cc69d3285723ca210c26ed5db099f4') in 0.022605 seconds 
========================================================================
Received Import Request.
  Time since last request: 0.000043 seconds.
  path: Assets/Dark_Brown_GUI_kit/icon/full_simple/check-.png
  artifactKey: Guid(33aa5e6f9b0039143829aa746cd2f1d9) Importer(815301076,1909f56bfc062723c751e8b465ee728b)
Start importing Assets/Dark_Brown_GUI_kit/icon/full_simple/check-.png using Guid(33aa5e6f9b0039143829aa746cd2f1d9) Importer(815301076,1909f56bfc062723c751e8b465ee728b)  -> (artifact id: '55347e7ed769de875783f1dba9b1da9d') in 0.025032 seconds 
========================================================================
Received Import Request.
  Time since last request: 0.000021 seconds.
  path: Assets/Dark_Brown_GUI_kit/ornament/corner_ornament.png
  artifactKey: Guid(76a319db787859b4ca27ba834290dab0) Importer(815301076,1909f56bfc062723c751e8b465ee728b)
Start importing Assets/Dark_Brown_GUI_kit/ornament/corner_ornament.png using Guid(76a319db787859b4ca27ba834290dab0) Importer(815301076,1909f56bfc062723c751e8b465ee728b)  -> (artifact id: '8aa014331cfa347db2356061efd3030d') in 0.027156 seconds 
========================================================================
Received Import Request.
  Time since last request: 0.000046 seconds.
  path: Assets/Dark_Brown_GUI_kit/icon/full_simple/character-.png
  artifactKey: Guid(d9f421eb69991d54bb182d3102b2dfb5) Importer(815301076,1909f56bfc062723c751e8b465ee728b)
Start importing Assets/Dark_Brown_GUI_kit/icon/full_simple/character-.png using Guid(d9f421eb69991d54bb182d3102b2dfb5) Importer(815301076,1909f56bfc062723c751e8b465ee728b)  -> (artifact id: '8cfa37575596ab2da96a4bff004d4b7b') in 0.028686 seconds 
========================================================================
Received Import Request.
  Time since last request: 0.000025 seconds.
  path: Assets/Dark_Brown_GUI_kit/icon/full_simple/numbers/9.png
  artifactKey: Guid(1cc885353d9b00542b84756c94858d59) Importer(815301076,1909f56bfc062723c751e8b465ee728b)
Start importing Assets/Dark_Brown_GUI_kit/icon/full_simple/numbers/9.png using Guid(1cc885353d9b00542b84756c94858d59) Importer(815301076,1909f56bfc062723c751e8b465ee728b)  -> (artifact id: '6bb707f3fab722c56ff694c6c8775f3f') in 0.021118 seconds 
========================================================================
Received Import Request.
  Time since last request: 0.000036 seconds.
  path: Assets/Dark_Brown_GUI_kit/icon/other/coin/coin-silver.png
  artifactKey: Guid(eb634baf714d18041914974ad52d1f29) Importer(815301076,1909f56bfc062723c751e8b465ee728b)
Start importing Assets/Dark_Brown_GUI_kit/icon/other/coin/coin-silver.png using Guid(eb634baf714d18041914974ad52d1f29) Importer(815301076,1909f56bfc062723c751e8b465ee728b)  -> (artifact id: '83eeeed104bd239792b7d4fd654eb40a') in 0.024573 seconds 
========================================================================
Received Import Request.
  Time since last request: 0.000046 seconds.
  path: Assets/Dark_Brown_GUI_kit/icon/simple/e.png
  artifactKey: Guid(2f46ba72c4d1781478b32b8931123b9c) Importer(815301076,1909f56bfc062723c751e8b465ee728b)
Start importing Assets/Dark_Brown_GUI_kit/icon/simple/e.png using Guid(2f46ba72c4d1781478b32b8931123b9c) Importer(815301076,1909f56bfc062723c751e8b465ee728b)  -> (artifact id: 'a32da9887ccb02aec68f2093c695ed97') in 0.020037 seconds 
========================================================================
Received Import Request.
  Time since last request: 0.000019 seconds.
  path: Assets/Dark_Brown_GUI_kit/icon/simple/chest.png
  artifactKey: Guid(4f1704bddf928d24cbc50eff0d2fffbb) Importer(815301076,1909f56bfc062723c751e8b465ee728b)
Start importing Assets/Dark_Brown_GUI_kit/icon/simple/chest.png using Guid(4f1704bddf928d24cbc50eff0d2fffbb) Importer(815301076,1909f56bfc062723c751e8b465ee728b)  -> (artifact id: '5e12d238ce3b3fc11c3a575586ce4809') in 0.022792 seconds 
Editor requested this worker to shutdown with reason: Scaling down because of idle timeout
AssetImportWorker is now disconnected from the server
Process exiting
Exiting without the bug reporter. Application will terminate with return code 0