Using pre-set license
Built from '2021.3/staging' branch; Version is '2021.3.2f1 (d6360bedb9a0) revision 14038539'; Using compiler version '192829333'; Build Type 'Release'
OS: 'Windows 11  (10.0.22000) 64bit Core' Language: 'en' Physical Memory: 16295 MB
BatchMode: 1, IsHumanControllingUs: 0, StartBugReporterOnCrash: 0, Is64bit: 1, IsPro: 1

COMMAND LINE ARGUMENTS:
C:\Program Files\Unity\Hub\Editor\2021.3.2f1\Editor\Unity.exe
-adb2
-batchMode
-noUpm
-name
AssetImportWorker1
-projectPath
C:/Users/Blackfang81/My project
-logFile
Logs/AssetImportWorker1.log
-srvPort
64876
Successfully changed project path to: C:/Users/Blackfang81/My project
C:/Users/Blackfang81/My project
[UnityMemory] Configuration Parameters - Can be set up in boot.config
    "memorysetup-bucket-allocator-granularity=16"
    "memorysetup-bucket-allocator-bucket-count=8"
    "memorysetup-bucket-allocator-block-size=33554432"
    "memorysetup-bucket-allocator-block-count=8"
    "memorysetup-main-allocator-block-size=16777216"
    "memorysetup-thread-allocator-block-size=16777216"
    "memorysetup-gfx-main-allocator-block-size=16777216"
    "memorysetup-gfx-thread-allocator-block-size=16777216"
    "memorysetup-cache-allocator-block-size=4194304"
    "memorysetup-typetree-allocator-block-size=2097152"
    "memorysetup-profiler-bucket-allocator-granularity=16"
    "memorysetup-profiler-bucket-allocator-bucket-count=8"
    "memorysetup-profiler-bucket-allocator-block-size=33554432"
    "memorysetup-profiler-bucket-allocator-block-count=8"
    "memorysetup-profiler-allocator-block-size=16777216"
    "memorysetup-profiler-editor-allocator-block-size=1048576"
    "memorysetup-temp-allocator-size-main=16777216"
    "memorysetup-job-temp-allocator-block-size=2097152"
    "memorysetup-job-temp-allocator-block-size-background=1048576"
    "memorysetup-job-temp-allocator-reduction-small-platforms=262144"
    "memorysetup-temp-allocator-size-background-worker=32768"
    "memorysetup-temp-allocator-size-job-worker=262144"
    "memorysetup-temp-allocator-size-preload-manager=33554432"
    "memorysetup-temp-allocator-size-nav-mesh-worker=65536"
    "memorysetup-temp-allocator-size-audio-worker=65536"
    "memorysetup-temp-allocator-size-cloud-worker=32768"
    "memorysetup-temp-allocator-size-gi-baking-worker=262144"
    "memorysetup-temp-allocator-size-gfx=262144"
Refreshing native plugins compatible for Editor in 91.83 ms, found 3 plugins.
Preloading 0 native plugins for Editor in 0.00 ms.
Initialize engine version: 2021.3.2f1 (d6360bedb9a0)
[Subsystems] Discovering subsystems at path C:/Program Files/Unity/Hub/Editor/2021.3.2f1/Editor/Data/Resources/UnitySubsystems
[Subsystems] Discovering subsystems at path C:/Users/Blackfang81/My project/Assets
GfxDevice: creating device client; threaded=0; jobified=0
Direct3D:
    Version:  Direct3D 11.0 [level 11.1]
    Renderer: NVIDIA GeForce GTX 1070 (ID=0x1be1)
    Vendor:   NVIDIA
    VRAM:     8082 MB
    Driver:   30.0.14.7141
Initialize mono
Mono path[0] = 'C:/Program Files/Unity/Hub/Editor/2021.3.2f1/Editor/Data/Managed'
Mono path[1] = 'C:/Program Files/Unity/Hub/Editor/2021.3.2f1/Editor/Data/MonoBleedingEdge/lib/mono/unityjit-win32'
Mono config path = 'C:/Program Files/Unity/Hub/Editor/2021.3.2f1/Editor/Data/MonoBleedingEdge/etc'
Using monoOptions --debugger-agent=transport=dt_socket,embedding=1,server=y,suspend=n,address=127.0.0.1:56336
Begin MonoManager ReloadAssembly
Registering precompiled unity dll's ...
Register platform support module: C:/Program Files/Unity/Hub/Editor/2021.3.2f1/Editor/Data/PlaybackEngines/WebGLSupport/UnityEditor.WebGL.Extensions.dll
Register platform support module: C:/Program Files/Unity/Hub/Editor/2021.3.2f1/Editor/Data/PlaybackEngines/WindowsStandaloneSupport/UnityEditor.WindowsStandalone.Extensions.dll
Registered in 0.005667 seconds.
Native extension for WindowsStandalone target not found
Native extension for WebGL target not found
Refreshing native plugins compatible for Editor in 88.79 ms, found 3 plugins.
Preloading 0 native plugins for Editor in 0.00 ms.
Mono: successfully reloaded assembly
- Completed reload, in  0.679 seconds
Domain Reload Profiling:
	ReloadAssembly (679ms)
		BeginReloadAssembly (75ms)
			ExecutionOrderSort (0ms)
			DisableScriptedObjects (0ms)
			BackupInstance (0ms)
			ReleaseScriptingObjects (0ms)
			CreateAndSetChildDomain (1ms)
		EndReloadAssembly (486ms)
			LoadAssemblies (72ms)
			RebuildTransferFunctionScriptingTraits (0ms)
			SetupTypeCache (112ms)
			ReleaseScriptCaches (0ms)
			RebuildScriptCaches (31ms)
			SetupLoadedEditorAssemblies (291ms)
				LogAssemblyErrors (0ms)
				InitializePlatformSupportModulesInManaged (9ms)
				SetLoadedEditorAssemblies (0ms)
				RefreshPlugins (89ms)
				BeforeProcessingInitializeOnLoad (1ms)
				ProcessInitializeOnLoadAttributes (145ms)
				ProcessInitializeOnLoadMethodAttributes (47ms)
				AfterProcessingInitializeOnLoad (0ms)
				EditorAssembliesLoaded (0ms)
			ExecutionOrderSort2 (0ms)
			AwakeInstancesAfterBackupRestoration (0ms)
Platform modules already initialized, skipping
Registering precompiled user dll's ...
Registered in 0.005675 seconds.
Begin MonoManager ReloadAssembly
Symbol file LoadedFromMemory doesn't match image C:\Users\Blackfang81\My project\Library\PackageCache\com.unity.visualscripting@1.7.6\Editor\VisualScripting.Core\Dependencies\YamlDotNet\Unity.VisualScripting.YamlDotNet.dll
Symbol file LoadedFromMemory doesn't match image C:\Users\Blackfang81\My project\Library\PackageCache\com.unity.visualscripting@1.7.6\Editor\VisualScripting.Core\Dependencies\DotNetZip\Unity.VisualScripting.IonicZip.dll
Native extension for WindowsStandalone target not found
Native extension for WebGL target not found
Refreshing native plugins compatible for Editor in 0.54 ms, found 3 plugins.
Preloading 0 native plugins for Editor in 0.00 ms.
Mono: successfully reloaded assembly
- Completed reload, in  1.098 seconds
Domain Reload Profiling:
	ReloadAssembly (1099ms)
		BeginReloadAssembly (124ms)
			ExecutionOrderSort (0ms)
			DisableScriptedObjects (6ms)
			BackupInstance (0ms)
			ReleaseScriptingObjects (0ms)
			CreateAndSetChildDomain (22ms)
		EndReloadAssembly (851ms)
			LoadAssemblies (91ms)
			RebuildTransferFunctionScriptingTraits (0ms)
			SetupTypeCache (285ms)
			ReleaseScriptCaches (1ms)
			RebuildScriptCaches (56ms)
			SetupLoadedEditorAssemblies (387ms)
				LogAssemblyErrors (0ms)
				InitializePlatformSupportModulesInManaged (7ms)
				SetLoadedEditorAssemblies (0ms)
				RefreshPlugins (1ms)
				BeforeProcessingInitializeOnLoad (90ms)
				ProcessInitializeOnLoadAttributes (254ms)
				ProcessInitializeOnLoadMethodAttributes (29ms)
				AfterProcessingInitializeOnLoad (6ms)
				EditorAssembliesLoaded (0ms)
			ExecutionOrderSort2 (0ms)
			AwakeInstancesAfterBackupRestoration (7ms)
Platform modules already initialized, skipping
========================================================================
Worker process is ready to serve import requests
Launched and connected shader compiler UnityShaderCompiler.exe after 0.07 seconds
Refreshing native plugins compatible for Editor in 0.79 ms, found 3 plugins.
Preloading 0 native plugins for Editor in 0.00 ms.
Unloading 3361 Unused Serialized files (Serialized files now loaded: 0)
Unloading 26 unused Assets / (113.0 KB). Loaded Objects now: 3836.
Memory consumption went from 128.4 MB to 128.3 MB.
Total: 3.352000 ms (FindLiveObjects: 0.344600 ms CreateObjectMapping: 0.210400 ms MarkObjects: 2.685500 ms  DeleteObjects: 0.110200 ms)

AssetImportParameters requested are different than current active one (requested -> active):
  custom:video-decoder-ogg-theora: a1e56fd34408186e4bbccfd4996cb3dc -> 
  custom:container-muxer-webm: aa71ff27fc2769a1b78a27578f13a17b -> 
  custom:container-demuxer-webm: 4f35f7cbe854078d1ac9338744f61a02 -> 
  custom:video-encoder-webm-vp8: eb34c28f22e8b96e1ab97ce403110664 -> 
  custom:audio-encoder-webm-vorbis: bf7c407c2cedff20999df2af8eb42d56 -> 
  custom:framework-win-MediaFoundation: 216162199b28c13a410421893ffa2e32 -> 
  custom:container-demuxer-ogg: 62fdf1f143b41e24485cea50d1cbac27 -> 
  custom:video-decoder-webm-vp8: 9c59270c3fd7afecdb556c50c9e8de78 -> 
  custom:audio-decoder-ogg-vorbis: bf7c407c2cedff20999df2af8eb42d56 -> 
========================================================================
Received Import Request.
  Time since last request: 2391.961920 seconds.
  path: Assets/MedievalTownExteriors/URP
  artifactKey: Guid(883582db8c448304d9c5eec4a9f00805) Importer(815301076,1909f56bfc062723c751e8b465ee728b)
Start importing Assets/MedievalTownExteriors/URP using Guid(883582db8c448304d9c5eec4a9f00805) Importer(815301076,1909f56bfc062723c751e8b465ee728b)  -> (artifact id: '0ea03977dd3f73dfdfae297d6e2d8d4f') in 0.008575 seconds 
========================================================================
Received Import Request.
  Time since last request: 2.414048 seconds.
  path: Assets/SkySeries Freebie/6SidedFluffball.mat
  artifactKey: Guid(efd1c33efd2d58340b88804268e6833f) Importer(815301076,1909f56bfc062723c751e8b465ee728b)
Start importing Assets/SkySeries Freebie/6SidedFluffball.mat using Guid(efd1c33efd2d58340b88804268e6833f) Importer(815301076,1909f56bfc062723c751e8b465ee728b)  -> (artifact id: '6cfab626e881ae08acedf8fb46d0bb0b') in 0.381916 seconds 
========================================================================
Received Import Request.
  Time since last request: 0.000032 seconds.
  path: Assets/SkySeries Freebie/HighFantasy.mat
  artifactKey: Guid(e2341a9d03e86ec4290c72b1e22bbc7c) Importer(815301076,1909f56bfc062723c751e8b465ee728b)
Start importing Assets/SkySeries Freebie/HighFantasy.mat using Guid(e2341a9d03e86ec4290c72b1e22bbc7c) Importer(815301076,1909f56bfc062723c751e8b465ee728b)  -> (artifact id: '21366b92dc6ba220205f4b40d47763ea') in 0.115813 seconds 
========================================================================
Received Import Request.
  Time since last request: 0.000031 seconds.
  path: Assets/SkySeries Freebie/UnearthlyRed.mat
  artifactKey: Guid(5d133deeaa66ed445853e946ff25e073) Importer(815301076,1909f56bfc062723c751e8b465ee728b)
Start importing Assets/SkySeries Freebie/UnearthlyRed.mat using Guid(5d133deeaa66ed445853e946ff25e073) Importer(815301076,1909f56bfc062723c751e8b465ee728b)  -> (artifact id: 'f3c2c1d41d694b23ade399382c2a344a') in 0.076981 seconds 
========================================================================
Received Import Request.
  Time since last request: 0.000044 seconds.
  path: Assets/SkySeries Freebie/6SidedMegaSun.mat
  artifactKey: Guid(c52c5d7968fa6c9499b0b5752f899bfb) Importer(815301076,1909f56bfc062723c751e8b465ee728b)
Start importing Assets/SkySeries Freebie/6SidedMegaSun.mat using Guid(c52c5d7968fa6c9499b0b5752f899bfb) Importer(815301076,1909f56bfc062723c751e8b465ee728b)  -> (artifact id: 'e664dc2b8b2a5743058c7e936bfabc67') in 0.024174 seconds 
========================================================================
Received Import Request.
  Time since last request: 0.000027 seconds.
  path: Assets/SkySeries Freebie/Cloudymorning.mat
  artifactKey: Guid(d9dca9ae1786c394f9e79c637aa9a7bf) Importer(815301076,1909f56bfc062723c751e8b465ee728b)
Start importing Assets/SkySeries Freebie/Cloudymorning.mat using Guid(d9dca9ae1786c394f9e79c637aa9a7bf) Importer(815301076,1909f56bfc062723c751e8b465ee728b)  -> (artifact id: 'a2739a1f213a3f7bd3127b15b7d2e7bc') in 0.068976 seconds 
========================================================================
Received Import Request.
  Time since last request: 0.000160 seconds.
  path: Assets/SkySeries Freebie/SkyhighFluffycloudField.mat
  artifactKey: Guid(f15c336556dd74f40aaca655f7767970) Importer(815301076,1909f56bfc062723c751e8b465ee728b)
Start importing Assets/SkySeries Freebie/SkyhighFluffycloudField.mat using Guid(f15c336556dd74f40aaca655f7767970) Importer(815301076,1909f56bfc062723c751e8b465ee728b)  -> (artifact id: '16007c2fd73bff9ce4c24ecbf1847aa3') in 0.049002 seconds 
========================================================================
Received Import Request.
  Time since last request: 0.000104 seconds.
  path: Assets/SkySeries Freebie/DarkStorm.mat
  artifactKey: Guid(2039a0ad0a9d05549928b70362f54902) Importer(815301076,1909f56bfc062723c751e8b465ee728b)
Start importing Assets/SkySeries Freebie/DarkStorm.mat using Guid(2039a0ad0a9d05549928b70362f54902) Importer(815301076,1909f56bfc062723c751e8b465ee728b)  -> (artifact id: '6f5efd36e5bd6ba7ec1ee799e59e2be2') in 0.049865 seconds 
========================================================================
Received Import Request.
  Time since last request: 0.000082 seconds.
  path: Assets/SkySeries Freebie/AmbienceExposure.mat
  artifactKey: Guid(72deae4d18418f94688abef8e8483df0) Importer(815301076,1909f56bfc062723c751e8b465ee728b)
Start importing Assets/SkySeries Freebie/AmbienceExposure.mat using Guid(72deae4d18418f94688abef8e8483df0) Importer(815301076,1909f56bfc062723c751e8b465ee728b)  -> (artifact id: '78035ca532bd0043d551b08f9463e0a3') in 0.052873 seconds 
========================================================================
Received Import Request.
  Time since last request: 0.000089 seconds.
  path: Assets/SkySeries Freebie/FluffballDay.mat
  artifactKey: Guid(20d4f77b9022eab48b4d94599ed4bf82) Importer(815301076,1909f56bfc062723c751e8b465ee728b)
Start importing Assets/SkySeries Freebie/FluffballDay.mat using Guid(20d4f77b9022eab48b4d94599ed4bf82) Importer(815301076,1909f56bfc062723c751e8b465ee728b)  -> (artifact id: 'd35b1487f6821066aa4b8903b1096de8') in 0.049443 seconds 
========================================================================
Received Import Request.
  Time since last request: 0.000044 seconds.
  path: Assets/SkySeries Freebie/MegaSun.mat
  artifactKey: Guid(cede08c9fc471e64884909cd4bbeaf59) Importer(815301076,1909f56bfc062723c751e8b465ee728b)
Start importing Assets/SkySeries Freebie/MegaSun.mat using Guid(cede08c9fc471e64884909cd4bbeaf59) Importer(815301076,1909f56bfc062723c751e8b465ee728b)  -> (artifact id: '002bd41d38e8d540e0614103372c9dc3') in 0.052809 seconds 
========================================================================
Received Prepare
Registering precompiled user dll's ...
Registered in 0.007424 seconds.
Begin MonoManager ReloadAssembly
Symbol file LoadedFromMemory doesn't match image C:\Users\Blackfang81\My project\Library\PackageCache\com.unity.visualscripting@1.7.6\Editor\VisualScripting.Core\Dependencies\YamlDotNet\Unity.VisualScripting.YamlDotNet.dll
Symbol file LoadedFromMemory doesn't match image C:\Users\Blackfang81\My project\Library\PackageCache\com.unity.visualscripting@1.7.6\Editor\VisualScripting.Core\Dependencies\DotNetZip\Unity.VisualScripting.IonicZip.dll
Native extension for WindowsStandalone target not found
Native extension for WebGL target not found
Refreshing native plugins compatible for Editor in 0.90 ms, found 3 plugins.
Preloading 0 native plugins for Editor in 0.00 ms.
Mono: successfully reloaded assembly
- Completed reload, in  0.989 seconds
Domain Reload Profiling:
	ReloadAssembly (990ms)
		BeginReloadAssembly (140ms)
			ExecutionOrderSort (0ms)
			DisableScriptedObjects (4ms)
			BackupInstance (0ms)
			ReleaseScriptingObjects (0ms)
			CreateAndSetChildDomain (38ms)
		EndReloadAssembly (755ms)
			LoadAssemblies (88ms)
			RebuildTransferFunctionScriptingTraits (0ms)
			SetupTypeCache (288ms)
			ReleaseScriptCaches (1ms)
			RebuildScriptCaches (42ms)
			SetupLoadedEditorAssemblies (306ms)
				LogAssemblyErrors (0ms)
				InitializePlatformSupportModulesInManaged (13ms)
				SetLoadedEditorAssemblies (1ms)
				RefreshPlugins (1ms)
				BeforeProcessingInitializeOnLoad (61ms)
				ProcessInitializeOnLoadAttributes (200ms)
				ProcessInitializeOnLoadMethodAttributes (26ms)
				AfterProcessingInitializeOnLoad (5ms)
				EditorAssembliesLoaded (0ms)
			ExecutionOrderSort2 (0ms)
			AwakeInstancesAfterBackupRestoration (6ms)
Platform modules already initialized, skipping
Refreshing native plugins compatible for Editor in 1.71 ms, found 3 plugins.
Preloading 0 native plugins for Editor in 0.00 ms.
Unloading 3359 Unused Serialized files (Serialized files now loaded: 0)
Unloading 19 unused Assets / (80.2 KB). Loaded Objects now: 3883.
Memory consumption went from 133.1 MB to 133.1 MB.
Total: 2.934000 ms (FindLiveObjects: 0.245900 ms CreateObjectMapping: 0.147900 ms MarkObjects: 2.468300 ms  DeleteObjects: 0.071100 ms)

AssetImportParameters requested are different than current active one (requested -> active):
  custom:video-decoder-ogg-theora: a1e56fd34408186e4bbccfd4996cb3dc -> 
  custom:container-muxer-webm: aa71ff27fc2769a1b78a27578f13a17b -> 
  custom:container-demuxer-webm: 4f35f7cbe854078d1ac9338744f61a02 -> 
  custom:video-encoder-webm-vp8: eb34c28f22e8b96e1ab97ce403110664 -> 
  custom:audio-encoder-webm-vorbis: bf7c407c2cedff20999df2af8eb42d56 -> 
  custom:framework-win-MediaFoundation: 216162199b28c13a410421893ffa2e32 -> 
  custom:container-demuxer-ogg: 62fdf1f143b41e24485cea50d1cbac27 -> 
  custom:video-decoder-webm-vp8: 9c59270c3fd7afecdb556c50c9e8de78 -> 
  custom:audio-decoder-ogg-vorbis: bf7c407c2cedff20999df2af8eb42d56 -> 
========================================================================
Received Import Request.
  Time since last request: 79.586525 seconds.
  path: Assets/MedievalTownExteriors/Materials/Character.mat
  artifactKey: Guid(99b1fee3d55287b47a45cf4f109673ff) Importer(815301076,1909f56bfc062723c751e8b465ee728b)
Start importing Assets/MedievalTownExteriors/Materials/Character.mat using Guid(99b1fee3d55287b47a45cf4f109673ff) Importer(815301076,1909f56bfc062723c751e8b465ee728b)  -> (artifact id: '8f0bb49a7177d7db3b5d62d031e06ea8') in 0.087087 seconds 
========================================================================
Received Import Request.
  Time since last request: 0.000024 seconds.
  path: Assets/MedievalTownExteriors/Materials/GrassyRocks.mat
  artifactKey: Guid(0458089f3e91ac5409d67af247b2d79f) Importer(815301076,1909f56bfc062723c751e8b465ee728b)
Start importing Assets/MedievalTownExteriors/Materials/GrassyRocks.mat using Guid(0458089f3e91ac5409d67af247b2d79f) Importer(815301076,1909f56bfc062723c751e8b465ee728b)  -> (artifact id: 'cdf91940832073ac6cee73320d7bbadb') in 0.028016 seconds 
========================================================================
Received Import Request.
  Time since last request: 0.000033 seconds.
  path: Assets/MedievalTownExteriors/Materials/TerrainLit.mat
  artifactKey: Guid(b98b4e6ea7530f141b6abd03c2b513b9) Importer(815301076,1909f56bfc062723c751e8b465ee728b)
Start importing Assets/MedievalTownExteriors/Materials/TerrainLit.mat using Guid(b98b4e6ea7530f141b6abd03c2b513b9) Importer(815301076,1909f56bfc062723c751e8b465ee728b)  -> (artifact id: 'e4ff5493fb27c7791b648a22a7ba16e0') in 0.018486 seconds 
========================================================================
Received Import Request.
  Time since last request: 1.919730 seconds.
  path: Assets/MedievalTownExteriors/Meshes/Bucket.fbx
  artifactKey: Guid(dbd3514fc341b334193ccda0bc6b8c7a) Importer(815301076,1909f56bfc062723c751e8b465ee728b)
Start importing Assets/MedievalTownExteriors/Meshes/Bucket.fbx using Guid(dbd3514fc341b334193ccda0bc6b8c7a) Importer(815301076,1909f56bfc062723c751e8b465ee728b)  -> (artifact id: 'd74098a77d2bbc94e242a5bc880cc03c') in 0.088179 seconds 
========================================================================
Received Import Request.
  Time since last request: 0.000027 seconds.
  path: Assets/MedievalTownExteriors/Meshes/Mushroom_a.fbx
  artifactKey: Guid(5462d7981caf2b1428cbc434c37493cb) Importer(815301076,1909f56bfc062723c751e8b465ee728b)
Start importing Assets/MedievalTownExteriors/Meshes/Mushroom_a.fbx using Guid(5462d7981caf2b1428cbc434c37493cb) Importer(815301076,1909f56bfc062723c751e8b465ee728b)  -> (artifact id: '264141527109d9decb8158a01b9711af') in 0.022186 seconds 
========================================================================
Received Import Request.
  Time since last request: 0.000019 seconds.
  path: Assets/MedievalTownExteriors/Meshes/Rock_d.fbx
  artifactKey: Guid(08690aac6fd195146937f19744207757) Importer(815301076,1909f56bfc062723c751e8b465ee728b)
Start importing Assets/MedievalTownExteriors/Meshes/Rock_d.fbx using Guid(08690aac6fd195146937f19744207757) Importer(815301076,1909f56bfc062723c751e8b465ee728b)  -> (artifact id: '461ca59ce07cba8f96b2ba799ba16052') in 0.023186 seconds 
========================================================================
Received Import Request.
  Time since last request: 0.000021 seconds.
  path: Assets/MedievalTownExteriors/Meshes/Lantern.fbx
  artifactKey: Guid(ff1e1f8d871b6ff4bac95a9078e1f51c) Importer(815301076,1909f56bfc062723c751e8b465ee728b)
Start importing Assets/MedievalTownExteriors/Meshes/Lantern.fbx using Guid(ff1e1f8d871b6ff4bac95a9078e1f51c) Importer(815301076,1909f56bfc062723c751e8b465ee728b)  -> (artifact id: 'efc8a302f1cdf7dd76898346f0c9c4e0') in 0.023378 seconds 
========================================================================
Received Import Request.
  Time since last request: 0.000083 seconds.
  path: Assets/MedievalTownExteriors/Meshes/Fence_b.fbx
  artifactKey: Guid(a72ed2b34d4339644af1c666d2b5d727) Importer(815301076,1909f56bfc062723c751e8b465ee728b)
Start importing Assets/MedievalTownExteriors/Meshes/Fence_b.fbx using Guid(a72ed2b34d4339644af1c666d2b5d727) Importer(815301076,1909f56bfc062723c751e8b465ee728b)  -> (artifact id: 'b016375db9fea14daa931d825734f6e1') in 0.020925 seconds 
========================================================================
Received Import Request.
  Time since last request: 0.000016 seconds.
  path: Assets/MedievalTownExteriors/Meshes/Building_b_collider.fbx
  artifactKey: Guid(190601c6ad4761d45b65274b5f33fb3d) Importer(815301076,1909f56bfc062723c751e8b465ee728b)
Start importing Assets/MedievalTownExteriors/Meshes/Building_b_collider.fbx using Guid(190601c6ad4761d45b65274b5f33fb3d) Importer(815301076,1909f56bfc062723c751e8b465ee728b)  -> (artifact id: 'a0ad0efb28af09f43c8b80cda316565b') in 0.019637 seconds 
========================================================================
Received Import Request.
  Time since last request: 0.000016 seconds.
  path: Assets/MedievalTownExteriors/Meshes/Sack_a.fbx
  artifactKey: Guid(3a84c78dc4f6f0641a02ec454782e422) Importer(815301076,1909f56bfc062723c751e8b465ee728b)
Start importing Assets/MedievalTownExteriors/Meshes/Sack_a.fbx using Guid(3a84c78dc4f6f0641a02ec454782e422) Importer(815301076,1909f56bfc062723c751e8b465ee728b)  -> (artifact id: '3291a8e6ed76be01f43722cb6b09a893') in 0.021520 seconds 
========================================================================
Received Import Request.
  Time since last request: 0.000022 seconds.
  path: Assets/MedievalTownExteriors/Meshes/Sign_b.fbx
  artifactKey: Guid(370e01ab289f76a4fbe14d6428537af3) Importer(815301076,1909f56bfc062723c751e8b465ee728b)
Start importing Assets/MedievalTownExteriors/Meshes/Sign_b.fbx using Guid(370e01ab289f76a4fbe14d6428537af3) Importer(815301076,1909f56bfc062723c751e8b465ee728b)  -> (artifact id: '80d5e0ce298ae9cf90a52e1d1e2e0af5') in 0.021892 seconds 
========================================================================
Received Import Request.
  Time since last request: 0.000018 seconds.
  path: Assets/MedievalTownExteriors/Meshes/Hay_a.fbx
  artifactKey: Guid(12a5e908fb9e1be4fb8ae89a31af8cae) Importer(815301076,1909f56bfc062723c751e8b465ee728b)
Start importing Assets/MedievalTownExteriors/Meshes/Hay_a.fbx using Guid(12a5e908fb9e1be4fb8ae89a31af8cae) Importer(815301076,1909f56bfc062723c751e8b465ee728b)  -> (artifact id: 'a55bf83b45941dbee5e3f2e6e138abd0') in 0.021099 seconds 
========================================================================
Received Import Request.
  Time since last request: 0.000020 seconds.
  path: Assets/MedievalTownExteriors/Meshes/Sack_b.fbx
  artifactKey: Guid(3d1c4f6e0f99bbb4393f9892baa17ef0) Importer(815301076,1909f56bfc062723c751e8b465ee728b)
Start importing Assets/MedievalTownExteriors/Meshes/Sack_b.fbx using Guid(3d1c4f6e0f99bbb4393f9892baa17ef0) Importer(815301076,1909f56bfc062723c751e8b465ee728b)  -> (artifact id: 'a2233d85f784608282df8a3ab35cd491') in 0.019820 seconds 
========================================================================
Received Import Request.
  Time since last request: 0.000022 seconds.
  path: Assets/MedievalTownExteriors/Meshes/Hay_b.fbx
  artifactKey: Guid(e30eaf679693c3a4da5b53730289c7c7) Importer(815301076,1909f56bfc062723c751e8b465ee728b)
Start importing Assets/MedievalTownExteriors/Meshes/Hay_b.fbx using Guid(e30eaf679693c3a4da5b53730289c7c7) Importer(815301076,1909f56bfc062723c751e8b465ee728b)  -> (artifact id: 'd05264056698ebfb265d6c0421281a6f') in 0.018567 seconds 
========================================================================
Received Import Request.
  Time since last request: 0.000031 seconds.
  path: Assets/MedievalTownExteriors/Meshes/Hay_c.fbx
  artifactKey: Guid(8c6b2953968c1a64ea5f2876c2eb1ca8) Importer(815301076,1909f56bfc062723c751e8b465ee728b)
Start importing Assets/MedievalTownExteriors/Meshes/Hay_c.fbx using Guid(8c6b2953968c1a64ea5f2876c2eb1ca8) Importer(815301076,1909f56bfc062723c751e8b465ee728b)  -> (artifact id: 'fcf2ee91dda9c84f11f9b02e59ad3fa4') in 0.020675 seconds 
========================================================================
Received Import Request.
  Time since last request: 0.000020 seconds.
  path: Assets/MedievalTownExteriors/Meshes/Food_a.fbx
  artifactKey: Guid(245fa55e56bbbeb4ca253c3f7a3dcfea) Importer(815301076,1909f56bfc062723c751e8b465ee728b)
Start importing Assets/MedievalTownExteriors/Meshes/Food_a.fbx using Guid(245fa55e56bbbeb4ca253c3f7a3dcfea) Importer(815301076,1909f56bfc062723c751e8b465ee728b)  -> (artifact id: '1ca2ae452f7512ec177cad14852a40bb') in 0.018701 seconds 
========================================================================
Received Import Request.
  Time since last request: 0.000022 seconds.
  path: Assets/MedievalTownExteriors/Meshes/Building_e_collider.fbx
  artifactKey: Guid(d4b73ecf89aca924390b5d6752fb2ca6) Importer(815301076,1909f56bfc062723c751e8b465ee728b)
Start importing Assets/MedievalTownExteriors/Meshes/Building_e_collider.fbx using Guid(d4b73ecf89aca924390b5d6752fb2ca6) Importer(815301076,1909f56bfc062723c751e8b465ee728b)  -> (artifact id: '7c090ad8db45bff61647bdfc338d85cb') in 0.020551 seconds 
========================================================================
Received Import Request.
  Time since last request: 0.000044 seconds.
  path: Assets/MedievalTownExteriors/Meshes/Logs_a.fbx
  artifactKey: Guid(db6f6804c3df5c54bbb2b402c3a72cf1) Importer(815301076,1909f56bfc062723c751e8b465ee728b)
Start importing Assets/MedievalTownExteriors/Meshes/Logs_a.fbx using Guid(db6f6804c3df5c54bbb2b402c3a72cf1) Importer(815301076,1909f56bfc062723c751e8b465ee728b)  -> (artifact id: 'bc3266bb27772c321120497917d97372') in 0.020231 seconds 
========================================================================
Received Import Request.
  Time since last request: 0.000017 seconds.
  path: Assets/MedievalTownExteriors/Meshes/Tent.fbx
  artifactKey: Guid(0929bca4f4dd6394883ad2dfb0e7a9a7) Importer(815301076,1909f56bfc062723c751e8b465ee728b)
Start importing Assets/MedievalTownExteriors/Meshes/Tent.fbx using Guid(0929bca4f4dd6394883ad2dfb0e7a9a7) Importer(815301076,1909f56bfc062723c751e8b465ee728b)  -> (artifact id: '748f03bd795db1580e48d9eb3389d5a4') in 0.022840 seconds 
========================================================================
Received Import Request.
  Time since last request: 0.000015 seconds.
  path: Assets/MedievalTownExteriors/Meshes/Tent_collider.fbx
  artifactKey: Guid(2c58a0598ecc8c24db8015373dafed1e) Importer(815301076,1909f56bfc062723c751e8b465ee728b)
Start importing Assets/MedievalTownExteriors/Meshes/Tent_collider.fbx using Guid(2c58a0598ecc8c24db8015373dafed1e) Importer(815301076,1909f56bfc062723c751e8b465ee728b)  -> (artifact id: 'a58ba194490fb3521f5e492630ddcc63') in 0.020255 seconds 
========================================================================
Received Import Request.
  Time since last request: 0.000019 seconds.
  path: Assets/MedievalTownExteriors/Meshes/Mushroom_c.fbx
  artifactKey: Guid(ac89ef7eaee185043a49ec8ed5b4b7eb) Importer(815301076,1909f56bfc062723c751e8b465ee728b)
Start importing Assets/MedievalTownExteriors/Meshes/Mushroom_c.fbx using Guid(ac89ef7eaee185043a49ec8ed5b4b7eb) Importer(815301076,1909f56bfc062723c751e8b465ee728b)  -> (artifact id: 'db710844a606b183e771b854975ca0f6') in 0.022359 seconds 
========================================================================
Received Import Request.
  Time since last request: 0.000019 seconds.
  path: Assets/MedievalTownExteriors/Meshes/Well.fbx
  artifactKey: Guid(4d9f516fcb3181b41b3d31cfb88c7885) Importer(815301076,1909f56bfc062723c751e8b465ee728b)
Start importing Assets/MedievalTownExteriors/Meshes/Well.fbx using Guid(4d9f516fcb3181b41b3d31cfb88c7885) Importer(815301076,1909f56bfc062723c751e8b465ee728b)  -> (artifact id: 'ba7364fedf7a4a95b2716dc528a5cb13') in 0.023666 seconds 
========================================================================
Received Import Request.
  Time since last request: 0.000024 seconds.
  path: Assets/MedievalTownExteriors/Meshes/Fence_a.fbx
  artifactKey: Guid(57b1c6e5e6fd80c4f8ee1d5ccba246c8) Importer(815301076,1909f56bfc062723c751e8b465ee728b)
Start importing Assets/MedievalTownExteriors/Meshes/Fence_a.fbx using Guid(57b1c6e5e6fd80c4f8ee1d5ccba246c8) Importer(815301076,1909f56bfc062723c751e8b465ee728b)  -> (artifact id: '93af6137e6c8b64313547eabe86f6c20') in 0.022177 seconds 
========================================================================
Received Import Request.
  Time since last request: 0.000019 seconds.
  path: Assets/MedievalTownExteriors/Meshes/Rock_f.fbx
  artifactKey: Guid(3b6053e0af0ae374e88238897a6227ee) Importer(815301076,1909f56bfc062723c751e8b465ee728b)
Start importing Assets/MedievalTownExteriors/Meshes/Rock_f.fbx using Guid(3b6053e0af0ae374e88238897a6227ee) Importer(815301076,1909f56bfc062723c751e8b465ee728b)  -> (artifact id: 'd72bf79fbc3cc71a8899cee93b4e749e') in 0.023821 seconds 
========================================================================
Received Import Request.
  Time since last request: 0.000025 seconds.
  path: Assets/MedievalTownExteriors/Meshes/Food_b.fbx
  artifactKey: Guid(a5ba7ec866a50d842a103f785e6d3e1b) Importer(815301076,1909f56bfc062723c751e8b465ee728b)
Start importing Assets/MedievalTownExteriors/Meshes/Food_b.fbx using Guid(a5ba7ec866a50d842a103f785e6d3e1b) Importer(815301076,1909f56bfc062723c751e8b465ee728b)  -> (artifact id: 'b21cb62907ae35f3e81f1f8ea273967e') in 0.020733 seconds 
========================================================================
Received Import Request.
  Time since last request: 0.000024 seconds.
  path: Assets/MedievalTownExteriors/Meshes/Building_f.fbx
  artifactKey: Guid(29e40ab38a9e80c4c97af51e1991328f) Importer(815301076,1909f56bfc062723c751e8b465ee728b)
Start importing Assets/MedievalTownExteriors/Meshes/Building_f.fbx using Guid(29e40ab38a9e80c4c97af51e1991328f) Importer(815301076,1909f56bfc062723c751e8b465ee728b)  -> (artifact id: '6eb00298f6681777cd4cdafe736aeff6') in 0.022045 seconds 
========================================================================
Received Import Request.
  Time since last request: 0.000030 seconds.
  path: Assets/MedievalTownExteriors/Meshes/Logs_b.fbx
  artifactKey: Guid(b1491e09a5a59644986da9c34b34c2e9) Importer(815301076,1909f56bfc062723c751e8b465ee728b)
Start importing Assets/MedievalTownExteriors/Meshes/Logs_b.fbx using Guid(b1491e09a5a59644986da9c34b34c2e9) Importer(815301076,1909f56bfc062723c751e8b465ee728b)  -> (artifact id: '1bc0cf6ea5b0226da6a7cab76079e64a') in 0.019300 seconds 
========================================================================
Received Import Request.
  Time since last request: 0.000028 seconds.
  path: Assets/MedievalTownExteriors/Meshes/Hay_d.fbx
  artifactKey: Guid(1f7a14f4bf22a2449b94ef0273885c0e) Importer(815301076,1909f56bfc062723c751e8b465ee728b)
Start importing Assets/MedievalTownExteriors/Meshes/Hay_d.fbx using Guid(1f7a14f4bf22a2449b94ef0273885c0e) Importer(815301076,1909f56bfc062723c751e8b465ee728b)  -> (artifact id: 'b460842c4380169a9d8eccfd36de3aad') in 0.021402 seconds 
========================================================================
Received Import Request.
  Time since last request: 0.000021 seconds.
  path: Assets/MedievalTownExteriors/Meshes/Lantern_post_collider.fbx
  artifactKey: Guid(ae637e66a5853a34fb6f9cec3982b747) Importer(815301076,1909f56bfc062723c751e8b465ee728b)
Start importing Assets/MedievalTownExteriors/Meshes/Lantern_post_collider.fbx using Guid(ae637e66a5853a34fb6f9cec3982b747) Importer(815301076,1909f56bfc062723c751e8b465ee728b)  -> (artifact id: 'ccc6ea2f84e0dbe1086e84c41b2861e3') in 0.020174 seconds 
========================================================================
Received Import Request.
  Time since last request: 0.000021 seconds.
  path: Assets/MedievalTownExteriors/Meshes/Sign_c.fbx
  artifactKey: Guid(7aee8f3ae9da5ea459f80dd04d669d09) Importer(815301076,1909f56bfc062723c751e8b465ee728b)
Start importing Assets/MedievalTownExteriors/Meshes/Sign_c.fbx using Guid(7aee8f3ae9da5ea459f80dd04d669d09) Importer(815301076,1909f56bfc062723c751e8b465ee728b)  -> (artifact id: 'c9da426d8450fd7e00a5fdc4c6416dec') in 0.020591 seconds 
========================================================================
Received Import Request.
  Time since last request: 0.166519 seconds.
  path: Assets/MedievalTownExteriors/Particles/Gas.prefab
  artifactKey: Guid(093102f081492a643880e70d581f3735) Importer(815301076,1909f56bfc062723c751e8b465ee728b)
Start importing Assets/MedievalTownExteriors/Particles/Gas.prefab using Guid(093102f081492a643880e70d581f3735) Importer(815301076,1909f56bfc062723c751e8b465ee728b)  -> (artifact id: 'eaa2b9c97f62b3b4b1a5d3bd56830ff6') in 0.049879 seconds 
========================================================================
Received Import Request.
  Time since last request: 0.000110 seconds.
  path: Assets/MedievalTownExteriors/Particles/Polen.prefab
  artifactKey: Guid(02b44bc98512ef547bac7db108a4638c) Importer(815301076,1909f56bfc062723c751e8b465ee728b)
Start importing Assets/MedievalTownExteriors/Particles/Polen.prefab using Guid(02b44bc98512ef547bac7db108a4638c) Importer(815301076,1909f56bfc062723c751e8b465ee728b)  -> (artifact id: '2a05956ca297cdbf404acb3b6cb58095') in 0.011343 seconds 
========================================================================
Received Import Request.
  Time since last request: 91.435471 seconds.
  path: Assets/MedievalTownExteriors/Prefabs/Barrel.prefab
  artifactKey: Guid(28f91da9598e39e419f3030684719fcc) Importer(815301076,1909f56bfc062723c751e8b465ee728b)
Start importing Assets/MedievalTownExteriors/Prefabs/Barrel.prefab using Guid(28f91da9598e39e419f3030684719fcc) Importer(815301076,1909f56bfc062723c751e8b465ee728b)  -> (artifact id: '526b477b7d889edc3edae0f8aa49b633') in 0.019388 seconds 
========================================================================
Received Import Request.
  Time since last request: 0.000051 seconds.
  path: Assets/MedievalTownExteriors/Prefabs/Logs_a.prefab
  artifactKey: Guid(1302c983138d8344f81486021c92aa98) Importer(815301076,1909f56bfc062723c751e8b465ee728b)
Start importing Assets/MedievalTownExteriors/Prefabs/Logs_a.prefab using Guid(1302c983138d8344f81486021c92aa98) Importer(815301076,1909f56bfc062723c751e8b465ee728b)  -> (artifact id: 'd8beee9847531dbb23bb51703776de1d') in 0.015166 seconds 
========================================================================
Received Import Request.
  Time since last request: 0.000019 seconds.
  path: Assets/MedievalTownExteriors/Prefabs/Mushroom_d.prefab
  artifactKey: Guid(e9b889a47768c4c428cc8649f15f67b4) Importer(815301076,1909f56bfc062723c751e8b465ee728b)
Start importing Assets/MedievalTownExteriors/Prefabs/Mushroom_d.prefab using Guid(e9b889a47768c4c428cc8649f15f67b4) Importer(815301076,1909f56bfc062723c751e8b465ee728b)  -> (artifact id: 'e8844860c32ea786ab317b2bd9e61539') in 0.014580 seconds 
========================================================================
Received Import Request.
  Time since last request: 0.000020 seconds.
  path: Assets/MedievalTownExteriors/Prefabs/Building_b.prefab
  artifactKey: Guid(2cfb651bea8d26240aa4aa462de9d69f) Importer(815301076,1909f56bfc062723c751e8b465ee728b)
Start importing Assets/MedievalTownExteriors/Prefabs/Building_b.prefab using Guid(2cfb651bea8d26240aa4aa462de9d69f) Importer(815301076,1909f56bfc062723c751e8b465ee728b)  -> (artifact id: '4d4829f54756776f768036e33e102d15') in 0.013150 seconds 
========================================================================
Received Import Request.
  Time since last request: 0.000024 seconds.
  path: Assets/MedievalTownExteriors/Prefabs/Building_d.prefab
  artifactKey: Guid(60a80932f15a9b5428719cf63049a198) Importer(815301076,1909f56bfc062723c751e8b465ee728b)
Start importing Assets/MedievalTownExteriors/Prefabs/Building_d.prefab using Guid(60a80932f15a9b5428719cf63049a198) Importer(815301076,1909f56bfc062723c751e8b465ee728b)  -> (artifact id: 'a3aa59647716c0de1cb4671885f4d6c7') in 0.013422 seconds 
========================================================================
Received Import Request.
  Time since last request: 0.000023 seconds.
  path: Assets/MedievalTownExteriors/Prefabs/Hay_d.prefab
  artifactKey: Guid(056578f2a60aa3f47a4459fdb1c7241c) Importer(815301076,1909f56bfc062723c751e8b465ee728b)
Start importing Assets/MedievalTownExteriors/Prefabs/Hay_d.prefab using Guid(056578f2a60aa3f47a4459fdb1c7241c) Importer(815301076,1909f56bfc062723c751e8b465ee728b)  -> (artifact id: 'b863bdfe07dec269c60d33e4f1b036b6') in 0.010813 seconds 
========================================================================
Received Import Request.
  Time since last request: 0.000023 seconds.
  path: Assets/MedievalTownExteriors/Prefabs/Fence_b.prefab
  artifactKey: Guid(75450dad01decb44b867e81c5a1fd604) Importer(815301076,1909f56bfc062723c751e8b465ee728b)
Start importing Assets/MedievalTownExteriors/Prefabs/Fence_b.prefab using Guid(75450dad01decb44b867e81c5a1fd604) Importer(815301076,1909f56bfc062723c751e8b465ee728b)  -> (artifact id: '32faa94e703a95df708f109c5c9e093c') in 0.018691 seconds 
========================================================================
Received Import Request.
  Time since last request: 0.000031 seconds.
  path: Assets/MedievalTownExteriors/Prefabs/Mushroom_b.prefab
  artifactKey: Guid(ae446b6954a0f884abadb75f6f8c3098) Importer(815301076,1909f56bfc062723c751e8b465ee728b)
Start importing Assets/MedievalTownExteriors/Prefabs/Mushroom_b.prefab using Guid(ae446b6954a0f884abadb75f6f8c3098) Importer(815301076,1909f56bfc062723c751e8b465ee728b)  -> (artifact id: 'f7edbc4deeba87aaf4388a1ccf22960a') in 0.013883 seconds 
========================================================================
Received Import Request.
  Time since last request: 0.000019 seconds.
  path: Assets/MedievalTownExteriors/Prefabs/Food_a.prefab
  artifactKey: Guid(476ff10f814027049bac68615b745867) Importer(815301076,1909f56bfc062723c751e8b465ee728b)
Start importing Assets/MedievalTownExteriors/Prefabs/Food_a.prefab using Guid(476ff10f814027049bac68615b745867) Importer(815301076,1909f56bfc062723c751e8b465ee728b)  -> (artifact id: '7059ff8c728036fa146ebbce28a79ff9') in 0.012287 seconds 
========================================================================
Received Import Request.
  Time since last request: 0.000039 seconds.
  path: Assets/MedievalTownExteriors/Prefabs/Building_f.prefab
  artifactKey: Guid(1e44e02e77bb6764c97f423cc75574da) Importer(815301076,1909f56bfc062723c751e8b465ee728b)
Start importing Assets/MedievalTownExteriors/Prefabs/Building_f.prefab using Guid(1e44e02e77bb6764c97f423cc75574da) Importer(815301076,1909f56bfc062723c751e8b465ee728b)  -> (artifact id: '3ebaef143e5cce7d625b14ffcbbb458f') in 0.013708 seconds 
========================================================================
Received Import Request.
  Time since last request: 0.000017 seconds.
  path: Assets/MedievalTownExteriors/Prefabs/Mushroom_a.prefab
  artifactKey: Guid(161bd54067fc8bc48992806fb7c4fe3b) Importer(815301076,1909f56bfc062723c751e8b465ee728b)
Start importing Assets/MedievalTownExteriors/Prefabs/Mushroom_a.prefab using Guid(161bd54067fc8bc48992806fb7c4fe3b) Importer(815301076,1909f56bfc062723c751e8b465ee728b)  -> (artifact id: '6cba916abc8ede465aa8007d9b8bada1') in 0.014232 seconds 
========================================================================
Received Import Request.
  Time since last request: 0.000020 seconds.
  path: Assets/MedievalTownExteriors/Prefabs/Sack_b.prefab
  artifactKey: Guid(6fd54acd041ece64482dd792ac729572) Importer(815301076,1909f56bfc062723c751e8b465ee728b)
Start importing Assets/MedievalTownExteriors/Prefabs/Sack_b.prefab using Guid(6fd54acd041ece64482dd792ac729572) Importer(815301076,1909f56bfc062723c751e8b465ee728b)  -> (artifact id: 'ce89462829a1b2cdf3db428156431958') in 0.016397 seconds 
========================================================================
Received Import Request.
  Time since last request: 0.000020 seconds.
  path: Assets/MedievalTownExteriors/Prefabs/Hay_b.prefab
  artifactKey: Guid(2f1d35023a410684195ebaff92d15273) Importer(815301076,1909f56bfc062723c751e8b465ee728b)
Start importing Assets/MedievalTownExteriors/Prefabs/Hay_b.prefab using Guid(2f1d35023a410684195ebaff92d15273) Importer(815301076,1909f56bfc062723c751e8b465ee728b)  -> (artifact id: 'aa8759f63acfc7c77126795426314e6a') in 0.015305 seconds 
========================================================================
Received Import Request.
  Time since last request: 0.000014 seconds.
  path: Assets/MedievalTownExteriors/Prefabs/Rock_f.prefab
  artifactKey: Guid(2cf3a9094991ef243837305525536bc1) Importer(815301076,1909f56bfc062723c751e8b465ee728b)
Start importing Assets/MedievalTownExteriors/Prefabs/Rock_f.prefab using Guid(2cf3a9094991ef243837305525536bc1) Importer(815301076,1909f56bfc062723c751e8b465ee728b)  -> (artifact id: '99bf8edf54a6ee1207cfaff68bbacf5b') in 0.013170 seconds 
========================================================================
Received Import Request.
  Time since last request: 0.000023 seconds.
  path: Assets/MedievalTownExteriors/Prefabs/Well.prefab
  artifactKey: Guid(5a318dfcecda8d840adfe5cb4233410d) Importer(815301076,1909f56bfc062723c751e8b465ee728b)
Start importing Assets/MedievalTownExteriors/Prefabs/Well.prefab using Guid(5a318dfcecda8d840adfe5cb4233410d) Importer(815301076,1909f56bfc062723c751e8b465ee728b)  -> (artifact id: '8bf5feaf52fe4ec9b753c93723277e5c') in 0.014693 seconds 
========================================================================
Received Import Request.
  Time since last request: 0.000015 seconds.
  path: Assets/MedievalTownExteriors/Prefabs/Fence_c.prefab
  artifactKey: Guid(b2e876bb6e0ba0a42b628002c60efe3b) Importer(815301076,1909f56bfc062723c751e8b465ee728b)
Start importing Assets/MedievalTownExteriors/Prefabs/Fence_c.prefab using Guid(b2e876bb6e0ba0a42b628002c60efe3b) Importer(815301076,1909f56bfc062723c751e8b465ee728b)  -> (artifact id: '498527e4a78e6e3f8edc77f22e431105') in 0.013085 seconds 
========================================================================
Received Import Request.
  Time since last request: 0.000025 seconds.
  path: Assets/MedievalTownExteriors/Prefabs/Rock_e.prefab
  artifactKey: Guid(1d5cfa24a2d63824f8635403a99c423c) Importer(815301076,1909f56bfc062723c751e8b465ee728b)
Start importing Assets/MedievalTownExteriors/Prefabs/Rock_e.prefab using Guid(1d5cfa24a2d63824f8635403a99c423c) Importer(815301076,1909f56bfc062723c751e8b465ee728b)  -> (artifact id: 'c21b9802bb0e4be1a30fbdee8b2d1ae3') in 0.012620 seconds 
========================================================================
Received Import Request.
  Time since last request: 0.000022 seconds.
  path: Assets/MedievalTownExteriors/Prefabs/Lantern.prefab
  artifactKey: Guid(4c1598ecae5595b43a9d6af2b80aca62) Importer(815301076,1909f56bfc062723c751e8b465ee728b)
Start importing Assets/MedievalTownExteriors/Prefabs/Lantern.prefab using Guid(4c1598ecae5595b43a9d6af2b80aca62) Importer(815301076,1909f56bfc062723c751e8b465ee728b)  -> (artifact id: 'efeb999ab7119282f68ee22424970114') in 0.015870 seconds 
========================================================================
Received Import Request.
  Time since last request: 0.000027 seconds.
  path: Assets/MedievalTownExteriors/Prefabs/Lantern_post.prefab
  artifactKey: Guid(019569278ee343c4e950e1f9afe6ec4f) Importer(815301076,1909f56bfc062723c751e8b465ee728b)
Start importing Assets/MedievalTownExteriors/Prefabs/Lantern_post.prefab using Guid(019569278ee343c4e950e1f9afe6ec4f) Importer(815301076,1909f56bfc062723c751e8b465ee728b)  -> (artifact id: 'b431721a0ff17b7c199ccc6c0cc7fb7f') in 0.013363 seconds 
========================================================================
Received Import Request.
  Time since last request: 0.000020 seconds.
  path: Assets/MedievalTownExteriors/Prefabs/Rock_c.prefab
  artifactKey: Guid(6cec304f27f918d44b808e7706ea004d) Importer(815301076,1909f56bfc062723c751e8b465ee728b)
Start importing Assets/MedievalTownExteriors/Prefabs/Rock_c.prefab using Guid(6cec304f27f918d44b808e7706ea004d) Importer(815301076,1909f56bfc062723c751e8b465ee728b)  -> (artifact id: '97f72732a4c3c7e05884071c81df1c58') in 0.013784 seconds 
========================================================================
Received Import Request.
  Time since last request: 0.000015 seconds.
  path: Assets/MedievalTownExteriors/Prefabs/Fence_a.prefab
  artifactKey: Guid(950c0a0cf14577549b026c95956a3c99) Importer(815301076,1909f56bfc062723c751e8b465ee728b)
Start importing Assets/MedievalTownExteriors/Prefabs/Fence_a.prefab using Guid(950c0a0cf14577549b026c95956a3c99) Importer(815301076,1909f56bfc062723c751e8b465ee728b)  -> (artifact id: '131e8998fde3bf6de8fe3ec808fa813a') in 0.016916 seconds 
========================================================================
Received Import Request.
  Time since last request: 0.000016 seconds.
  path: Assets/MedievalTownExteriors/Prefabs/Rock_d.prefab
  artifactKey: Guid(5b1f42b67720e0a448cd645f5eb8395d) Importer(815301076,1909f56bfc062723c751e8b465ee728b)
Start importing Assets/MedievalTownExteriors/Prefabs/Rock_d.prefab using Guid(5b1f42b67720e0a448cd645f5eb8395d) Importer(815301076,1909f56bfc062723c751e8b465ee728b)  -> (artifact id: '37d968abc4d0eea267a36bbf3871a1bc') in 0.012395 seconds 
========================================================================
Received Import Request.
  Time since last request: 0.000019 seconds.
  path: Assets/MedievalTownExteriors/Prefabs/Sign_d.prefab
  artifactKey: Guid(6fc58950172822847ade368b03b7d4dd) Importer(815301076,1909f56bfc062723c751e8b465ee728b)
Start importing Assets/MedievalTownExteriors/Prefabs/Sign_d.prefab using Guid(6fc58950172822847ade368b03b7d4dd) Importer(815301076,1909f56bfc062723c751e8b465ee728b)  -> (artifact id: 'cff1db70453dafa644f65f9eceeb6bcd') in 0.018484 seconds 
========================================================================
Received Import Request.
  Time since last request: 0.000016 seconds.
  path: Assets/MedievalTownExteriors/Prefabs/Building_c.prefab
  artifactKey: Guid(155108fff53c29e45ba3c3bb0c40e6bf) Importer(815301076,1909f56bfc062723c751e8b465ee728b)
Start importing Assets/MedievalTownExteriors/Prefabs/Building_c.prefab using Guid(155108fff53c29e45ba3c3bb0c40e6bf) Importer(815301076,1909f56bfc062723c751e8b465ee728b)  -> (artifact id: '2cfb010cbad3f91c02c14e04064e4943') in 0.013837 seconds 
========================================================================
Received Import Request.
  Time since last request: 0.000024 seconds.
  path: Assets/MedievalTownExteriors/Prefabs/Sign_b.prefab
  artifactKey: Guid(223e0df8f9757ad4cb1af233c8c05c26) Importer(815301076,1909f56bfc062723c751e8b465ee728b)
Start importing Assets/MedievalTownExteriors/Prefabs/Sign_b.prefab using Guid(223e0df8f9757ad4cb1af233c8c05c26) Importer(815301076,1909f56bfc062723c751e8b465ee728b)  -> (artifact id: '593f01474b603b01dd29e5eb4e60e1bc') in 0.012342 seconds 
========================================================================
Received Import Request.
  Time since last request: 0.000017 seconds.
  path: Assets/MedievalTownExteriors/Prefabs/Cart_Wheel_a.prefab
  artifactKey: Guid(ffd08d298f9a9e44e9dd936fb4e3a38e) Importer(815301076,1909f56bfc062723c751e8b465ee728b)
Start importing Assets/MedievalTownExteriors/Prefabs/Cart_Wheel_a.prefab using Guid(ffd08d298f9a9e44e9dd936fb4e3a38e) Importer(815301076,1909f56bfc062723c751e8b465ee728b)  -> (artifact id: 'b015b4552ade52f936a1c24c3cd6a415') in 0.016719 seconds 
========================================================================
Received Import Request.
  Time since last request: 0.000014 seconds.
  path: Assets/MedievalTownExteriors/Prefabs/Sewers_entrance.prefab
  artifactKey: Guid(52cc4ec3b3374c84aa98b19ab8b33e2a) Importer(815301076,1909f56bfc062723c751e8b465ee728b)
Start importing Assets/MedievalTownExteriors/Prefabs/Sewers_entrance.prefab using Guid(52cc4ec3b3374c84aa98b19ab8b33e2a) Importer(815301076,1909f56bfc062723c751e8b465ee728b)  -> (artifact id: '2ba101634f9db11e0ecfe6ed7aea2179') in 0.012334 seconds 
========================================================================
Received Import Request.
  Time since last request: 3.030632 seconds.
  path: Assets/MedievalTownExteriors/Terrain/Demo_Terrain.asset
  artifactKey: Guid(cd71c8a14f2c40c4facca03eb05ed00b) Importer(815301076,1909f56bfc062723c751e8b465ee728b)
Start importing Assets/MedievalTownExteriors/Terrain/Demo_Terrain.asset using Guid(cd71c8a14f2c40c4facca03eb05ed00b) Importer(815301076,1909f56bfc062723c751e8b465ee728b)  -> (artifact id: '23d2d8930d85077d7ffe3577affb06dc') in 0.085452 seconds 
========================================================================
Received Import Request.
  Time since last request: 0.851900 seconds.
  path: Assets/MedievalTownExteriors/Textures/Grass_Texture.png
  artifactKey: Guid(b42c396f96dc37d4b8d65127d47e8be4) Importer(815301076,1909f56bfc062723c751e8b465ee728b)
Start importing Assets/MedievalTownExteriors/Textures/Grass_Texture.png using Guid(b42c396f96dc37d4b8d65127d47e8be4) Importer(815301076,1909f56bfc062723c751e8b465ee728b)  -> (artifact id: '9f01260fe81af17a060adb29f8d5e947') in 0.026630 seconds 
Editor requested this worker to shutdown with reason: Scaling down because of idle timeout
AssetImportWorker is now disconnected from the server
Process exiting
Exiting without the bug reporter. Application will terminate with return code 0